[2021-04-16 18:47:22.815][INFO] Loaded models/adam_1D
[2021-04-16 18:47:22.857][INFO] Loaded models/adam_2D
[2021-04-16 18:47:22.868][INFO] Loaded models/adam_3D
[2021-04-16 18:47:22.876][INFO] Loaded models/adam_5D
[2021-04-16 18:47:22.894][INFO] Loaded models/rda_1D
[2021-04-16 18:47:22.925][INFO] Loaded models/rda_2D
[2021-04-16 18:47:22.936][INFO] Loaded models/rda_3D
[2021-04-16 18:47:22.966][INFO] Loaded models/rda_5D
[2021-04-16 18:47:22.977][INFO] Loaded models/arow_1D
[2021-04-16 18:47:22.981][INFO] Loaded models/arow_2D
[2021-04-16 18:47:22.989][INFO] Loaded models/arow_3D
[2021-04-16 18:47:22.993][INFO] Loaded models/arow_5D
[2021-04-16 18:47:22.997][INFO] Loaded models/scw_1D
[2021-04-16 18:47:23.001][INFO] Loaded models/scw_2D
[2021-04-16 18:47:23.009][INFO] Loaded models/scw_3D
[2021-04-16 18:47:23.025][INFO] Loaded models/scw_5D
[2021-04-16 18:47:23.032][INFO] Loaded models/nherd_1D
[2021-04-16 18:47:23.037][INFO] Loaded models/nherd_2D
[2021-04-16 18:47:23.080][INFO] Loaded models/nherd_3D
[2021-04-16 18:47:23.095][INFO] Loaded models/nherd_5D
[2021-04-17 21:20:38.232][INFO] Loaded models/adam_1D
[2021-04-17 21:20:38.236][INFO] Loaded models/adam_2D
[2021-04-17 21:20:38.238][INFO] Loaded models/adam_3D
[2021-04-17 21:20:38.241][INFO] Loaded models/adam_5D
[2021-04-17 21:20:38.243][INFO] Loaded models/rda_1D
[2021-04-17 21:20:38.244][INFO] Loaded models/rda_2D
[2021-04-17 21:20:38.251][INFO] Loaded models/rda_3D
[2021-04-17 21:20:38.254][INFO] Loaded models/rda_5D
[2021-04-17 21:20:38.256][INFO] Loaded models/arow_1D
[2021-04-17 21:20:38.257][INFO] Loaded models/arow_2D
[2021-04-17 21:20:38.259][INFO] Loaded models/arow_3D
[2021-04-17 21:20:38.262][INFO] Loaded models/arow_5D
[2021-04-17 21:20:38.271][INFO] Loaded models/scw_1D
[2021-04-17 21:20:38.273][INFO] Loaded models/scw_2D
[2021-04-17 21:20:38.275][INFO] Loaded models/scw_3D
[2021-04-17 21:20:38.277][INFO] Loaded models/scw_5D
[2021-04-17 21:20:38.279][INFO] Loaded models/nherd_1D
[2021-04-17 21:20:38.282][INFO] Loaded models/nherd_2D
[2021-04-17 21:20:38.307][INFO] Loaded models/nherd_3D
[2021-04-17 21:20:38.321][INFO] Loaded models/nherd_5D
[2021-04-17 22:56:34.672][INFO] Loaded models/adam_1D
[2021-04-17 22:56:34.673][INFO] Loaded models/adam_2D
[2021-04-17 22:56:34.674][INFO] Loaded models/adam_3D
[2021-04-17 22:56:34.674][INFO] Loaded models/adam_5D
[2021-04-17 22:56:34.674][INFO] Loaded models/rda_1D
[2021-04-17 22:56:34.675][INFO] Loaded models/rda_2D
[2021-04-17 22:56:34.705][INFO] Loaded models/rda_3D
[2021-04-17 22:56:34.706][INFO] Loaded models/rda_5D
[2021-04-17 22:56:34.707][INFO] Loaded models/arow_1D
[2021-04-17 22:56:34.724][INFO] Loaded models/arow_2D
[2021-04-17 22:56:34.732][INFO] Loaded models/arow_3D
[2021-04-17 22:56:34.733][INFO] Loaded models/arow_5D
[2021-04-17 22:56:34.733][INFO] Loaded models/scw_1D
[2021-04-17 22:56:34.733][INFO] Loaded models/scw_2D
[2021-04-17 22:56:34.734][INFO] Loaded models/scw_3D
[2021-04-17 22:56:34.734][INFO] Loaded models/scw_5D
[2021-04-17 22:56:34.734][INFO] Loaded models/nherd_1D
[2021-04-17 22:56:34.734][INFO] Loaded models/nherd_2D
[2021-04-17 22:56:34.735][INFO] Loaded models/nherd_3D
[2021-04-17 22:56:34.735][INFO] Loaded models/nherd_5D
