[2021-04-16 18:47:22.815][INFO] Loaded models/adam_1D
[2021-04-16 18:47:22.857][INFO] Loaded models/adam_2D
[2021-04-16 18:47:22.868][INFO] Loaded models/adam_3D
[2021-04-16 18:47:22.876][INFO] Loaded models/adam_5D
[2021-04-16 18:47:22.894][INFO] Loaded models/rda_1D
[2021-04-16 18:47:22.925][INFO] Loaded models/rda_2D
[2021-04-16 18:47:22.936][INFO] Loaded models/rda_3D
[2021-04-16 18:47:22.966][INFO] Loaded models/rda_5D
[2021-04-16 18:47:22.977][INFO] Loaded models/arow_1D
[2021-04-16 18:47:22.981][INFO] Loaded models/arow_2D
[2021-04-16 18:47:22.989][INFO] Loaded models/arow_3D
[2021-04-16 18:47:22.993][INFO] Loaded models/arow_5D
[2021-04-16 18:47:22.997][INFO] Loaded models/scw_1D
[2021-04-16 18:47:23.001][INFO] Loaded models/scw_2D
[2021-04-16 18:47:23.009][INFO] Loaded models/scw_3D
[2021-04-16 18:47:23.025][INFO] Loaded models/scw_5D
[2021-04-16 18:47:23.032][INFO] Loaded models/nherd_1D
[2021-04-16 18:47:23.037][INFO] Loaded models/nherd_2D
[2021-04-16 18:47:23.080][INFO] Loaded models/nherd_3D
[2021-04-16 18:47:23.095][INFO] Loaded models/nherd_5D
[2021-04-17 21:20:38.232][INFO] Loaded models/adam_1D
[2021-04-17 21:20:38.236][INFO] Loaded models/adam_2D
[2021-04-17 21:20:38.238][INFO] Loaded models/adam_3D
[2021-04-17 21:20:38.241][INFO] Loaded models/adam_5D
[2021-04-17 21:20:38.243][INFO] Loaded models/rda_1D
[2021-04-17 21:20:38.244][INFO] Loaded models/rda_2D
[2021-04-17 21:20:38.251][INFO] Loaded models/rda_3D
[2021-04-17 21:20:38.254][INFO] Loaded models/rda_5D
[2021-04-17 21:20:38.256][INFO] Loaded models/arow_1D
[2021-04-17 21:20:38.257][INFO] Loaded models/arow_2D
[2021-04-17 21:20:38.259][INFO] Loaded models/arow_3D
[2021-04-17 21:20:38.262][INFO] Loaded models/arow_5D
[2021-04-17 21:20:38.271][INFO] Loaded models/scw_1D
[2021-04-17 21:20:38.273][INFO] Loaded models/scw_2D
[2021-04-17 21:20:38.275][INFO] Loaded models/scw_3D
[2021-04-17 21:20:38.277][INFO] Loaded models/scw_5D
[2021-04-17 21:20:38.279][INFO] Loaded models/nherd_1D
[2021-04-17 21:20:38.282][INFO] Loaded models/nherd_2D
[2021-04-17 21:20:38.307][INFO] Loaded models/nherd_3D
[2021-04-17 21:20:38.321][INFO] Loaded models/nherd_5D
[2021-04-17 22:56:34.672][INFO] Loaded models/adam_1D
[2021-04-17 22:56:34.673][INFO] Loaded models/adam_2D
[2021-04-17 22:56:34.674][INFO] Loaded models/adam_3D
[2021-04-17 22:56:34.674][INFO] Loaded models/adam_5D
[2021-04-17 22:56:34.674][INFO] Loaded models/rda_1D
[2021-04-17 22:56:34.675][INFO] Loaded models/rda_2D
[2021-04-17 22:56:34.705][INFO] Loaded models/rda_3D
[2021-04-17 22:56:34.706][INFO] Loaded models/rda_5D
[2021-04-17 22:56:34.707][INFO] Loaded models/arow_1D
[2021-04-17 22:56:34.724][INFO] Loaded models/arow_2D
[2021-04-17 22:56:34.732][INFO] Loaded models/arow_3D
[2021-04-17 22:56:34.733][INFO] Loaded models/arow_5D
[2021-04-17 22:56:34.733][INFO] Loaded models/scw_1D
[2021-04-17 22:56:34.733][INFO] Loaded models/scw_2D
[2021-04-17 22:56:34.734][INFO] Loaded models/scw_3D
[2021-04-17 22:56:34.734][INFO] Loaded models/scw_5D
[2021-04-17 22:56:34.734][INFO] Loaded models/nherd_1D
[2021-04-17 22:56:34.734][INFO] Loaded models/nherd_2D
[2021-04-17 22:56:34.735][INFO] Loaded models/nherd_3D
[2021-04-17 22:56:34.735][INFO] Loaded models/nherd_5D
[2021-04-18 00:31:51.295][INFO] Loaded models/adam_1D
[2021-04-18 00:31:51.296][INFO] Loaded models/adam_2D
[2021-04-18 00:31:51.296][INFO] Loaded models/adam_3D
[2021-04-18 00:31:51.296][INFO] Loaded models/adam_5D
[2021-04-18 00:31:51.297][INFO] Loaded models/rda_1D
[2021-04-18 00:31:51.297][INFO] Loaded models/rda_2D
[2021-04-18 00:31:51.297][INFO] Loaded models/rda_3D
[2021-04-18 00:31:51.298][INFO] Loaded models/rda_5D
[2021-04-18 00:31:51.298][INFO] Loaded models/arow_1D
[2021-04-18 00:31:51.298][INFO] Loaded models/arow_2D
[2021-04-18 00:31:51.299][INFO] Loaded models/arow_3D
[2021-04-18 00:31:51.299][INFO] Loaded models/arow_5D
[2021-04-18 00:31:51.299][INFO] Loaded models/scw_1D
[2021-04-18 00:31:51.300][INFO] Loaded models/scw_2D
[2021-04-18 00:31:51.324][INFO] Loaded models/scw_3D
[2021-04-18 00:31:51.325][INFO] Loaded models/scw_5D
[2021-04-18 00:31:51.325][INFO] Loaded models/nherd_1D
[2021-04-18 00:31:51.325][INFO] Loaded models/nherd_2D
[2021-04-18 00:31:51.326][INFO] Loaded models/nherd_3D
[2021-04-18 00:31:51.326][INFO] Loaded models/nherd_5D
[2021-04-18 02:06:42.304][INFO] Loaded models/adam_1D
[2021-04-18 02:06:42.327][INFO] Loaded models/adam_2D
[2021-04-18 02:06:42.344][INFO] Loaded models/adam_3D
[2021-04-18 02:06:42.351][INFO] Loaded models/adam_5D
[2021-04-18 02:06:42.361][INFO] Loaded models/rda_1D
[2021-04-18 02:06:42.366][INFO] Loaded models/rda_2D
[2021-04-18 02:06:42.371][INFO] Loaded models/rda_3D
[2021-04-18 02:06:42.388][INFO] Loaded models/rda_5D
[2021-04-18 02:06:42.391][INFO] Loaded models/arow_1D
[2021-04-18 02:06:42.396][INFO] Loaded models/arow_2D
[2021-04-18 02:06:42.419][INFO] Loaded models/arow_3D
[2021-04-18 02:06:42.443][INFO] Loaded models/arow_5D
[2021-04-18 02:06:42.453][INFO] Loaded models/scw_1D
[2021-04-18 02:06:42.464][INFO] Loaded models/scw_2D
[2021-04-18 02:06:42.619][INFO] Loaded models/scw_3D
[2021-04-18 02:06:42.629][INFO] Loaded models/scw_5D
[2021-04-18 02:06:42.649][INFO] Loaded models/nherd_1D
[2021-04-18 02:06:42.654][INFO] Loaded models/nherd_2D
[2021-04-18 02:06:42.661][INFO] Loaded models/nherd_3D
[2021-04-18 02:06:42.666][INFO] Loaded models/nherd_5D
[2021-05-05 19:55:05.546][INFO] Loaded models/adam_1D
[2021-05-05 19:55:05.572][INFO] Loaded models/adam_2D
[2021-05-05 19:55:05.574][INFO] Loaded models/adam_3D
[2021-05-05 19:55:05.582][INFO] Loaded models/adam_5D
[2021-05-05 19:55:05.584][INFO] Loaded models/rda_1D
[2021-05-05 19:55:05.588][INFO] Loaded models/rda_2D
[2021-05-05 19:55:05.593][INFO] Loaded models/rda_3D
[2021-05-05 19:55:05.596][INFO] Loaded models/rda_5D
[2021-05-05 19:55:05.600][INFO] Loaded models/arow_1D
[2021-05-05 19:55:05.621][INFO] Loaded models/arow_2D
[2021-05-05 19:55:05.624][INFO] Loaded models/arow_3D
[2021-05-05 19:55:05.655][INFO] Loaded models/arow_5D
[2021-05-05 19:55:05.658][INFO] Loaded models/scw_1D
[2021-05-05 19:55:05.662][INFO] Loaded models/scw_2D
[2021-05-05 19:55:05.665][INFO] Loaded models/scw_3D
[2021-05-05 19:55:05.667][INFO] Loaded models/scw_5D
[2021-05-05 19:55:05.670][INFO] Loaded models/nherd_1D
[2021-05-05 19:55:05.690][INFO] Loaded models/nherd_2D
[2021-05-05 19:55:05.696][INFO] Loaded models/nherd_3D
[2021-05-05 19:55:05.699][INFO] Loaded models/nherd_5D
