[20-04-2021 19:20:05] COMMAND  Uplink to SEPP: ls -ltR /home/exp144/toGround/ && tail -n 2 /home/exp144/toGround/learning/mochi-*/logs/training.csv && tail -n 2 /home/exp144/toGround/data/data_*.csv; ls -ltr /home/root/esoc-apps/fms/filestore/toGround/
[20-04-2021 19:20:06] DATA: START
[20-04-2021 19:20:06] ls: /home/exp144/toGround/: No such file or directory
[20-04-2021 19:20:06] total 49820
[20-04-2021 19:20:06] -rw-r--r--    1 root     root           497 Sep  4  2018 opssat_smartcam_logs_exp1000_20180904_235852.tar.gz
[20-04-2021 19:20:06] -rw-r--r--    1 root     root        536737 Sep  5  2018 sepp_packetstore_exp510_20210402_032706.gz
[20-04-2021 19:20:06] -rw-r--r--    1 root     root        800801 Sep  5  2018 sepp_packetstore_exp510_20210414_024822.gz
[20-04-2021 19:20:06] -rw-r--r--    1 root     root          7841 Sep  5  2018 opssat_smartcam_logs_exp1000_20180905_114043_previous.tar.gz
[20-04-2021 19:20:06] -rw-r--r--    1 root     root           841 Sep  5  2018 opssat_smartcam_logs_exp1000_20180905_114043.tar.gz
[20-04-2021 19:20:06] -rw-r--r--    1 root     root       2560551 Apr 13 01:19 sepp_packetstore_exp510_20210412_192630.gz
[20-04-2021 19:20:06] -rw-r--r--    1 root     root         49274 Apr 13 08:05 opssat_smartcam_logs_exp1000_20210413_080500_previous.tar.gz
[20-04-2021 19:20:06] -rw-r--r--    1 root     root        866069 Apr 13 20:40 opssat_smartcam_jpeg_exp1000_20210413_204005_previous.tar.gz
[20-04-2021 19:20:06] -rw-r--r--    1 root     root       1315815 Apr 14 01:41 opssat_smartcam_jpeg_exp1000_20210413_204005.tar.gz
[20-04-2021 19:20:06] -rw-r--r--    1 root     root           495 Apr 14 19:12 opssat_smartcam_logs_exp1000_20210414_191245.tar.gz
[20-04-2021 19:20:06] -rw-r--r--    1 root     root       2549774 Apr 15 01:55 sepp_packetstore_exp510_20210414_200002.gz
[20-04-2021 19:20:06] -rw-r--r--    1 root     root         27530 Apr 15 01:58 sepp_packetstore_exp510_20210415_015504.gz
[20-04-2021 19:20:06] -rw-r--r--    1 root     root       2622281 Apr 15 07:30 sepp_packetstore_exp510_20210415_020000.gz
[20-04-2021 19:20:06] -rw-r--r--    1 root     root        369781 Apr 15 07:58 sepp_packetstore_exp510_20210415_073050.gz
[20-04-2021 19:20:06] -rw-r--r--    1 root     root       2847072 Apr 15 11:35 sepp_packetstore_exp510_20210415_080000.gz
[20-04-2021 19:20:06] -rw-r--r--    1 root     root       1575829 Apr 15 13:58 sepp_packetstore_exp510_20210415_113503.gz
[20-04-2021 19:20:06] -rw-r--r--    1 root     root       2563858 Apr 15 19:49 sepp_packetstore_exp510_20210415_135959.gz
[20-04-2021 19:20:06] -rw-r--r--    1 root     root         69887 Apr 15 19:58 sepp_packetstore_exp510_20210415_194907.gz
[20-04-2021 19:20:06] -rw-r--r--    1 root     root        471383 Apr 15 21:35 sepp_packetstore_exp510_20210415_203500.gz
[20-04-2021 19:20:06] -rw-r--r--    1 root     root       1725116 Apr 16 01:58 sepp_packetstore_exp510_20210415_215958.gz
[20-04-2021 19:20:06] -rw-r--r--    1 root     root        235919 Apr 16 04:08 exp122_v97_toGroundLP.tar.gz
[20-04-2021 19:20:06] -rw-r--r--    1 root     root       1513003 Apr 16 04:08 exp122_v97_toGround.tar.gz
[20-04-2021 19:20:06] -rw-r--r--    1 root     root       2577327 Apr 16 07:50 sepp_packetstore_exp510_20210416_015958.gz
[20-04-2021 19:20:06] -rw-r--r--    1 root     root         63015 Apr 16 07:58 sepp_packetstore_exp510_20210416_075006.gz
[20-04-2021 19:20:06] -rw-r--r--    1 root     root       2565976 Apr 16 13:55 sepp_packetstore_exp510_20210416_075957.gz
[20-04-2021 19:20:06] -rw-r--r--    1 root     root         27486 Apr 16 13:58 sepp_packetstore_exp510_20210416_135506.gz
[20-04-2021 19:20:06] -rw-r--r--    1 root     root         71684 Apr 16 18:43 exp144_results_20210416.tar.gz_aa
[20-04-2021 19:20:06] -rw-r--r--    1 root     root       2577255 Apr 16 19:50 sepp_packetstore_exp510_20210416_135957.gz
[20-04-2021 19:20:06] -rw-r--r--    1 root     root       2555143 Apr 17 01:45 sepp_packetstore_exp510_20210416_195050.gz
[20-04-2021 19:20:06] -rw-r--r--    1 root     root        183532 Apr 17 03:53 exp144_results_20210417A.tar.gz_aa
[20-04-2021 19:20:06] -rw-r--r--    1 root     root        183532 Apr 17 05:28 exp144_results_20210417B.tar.gz_aa
[20-04-2021 19:20:06] -rw-r--r--    1 root     root       1251055 Apr 17 06:59 opssat_smartcam_jpeg_exp1000_20210417_065958_previous.tar.gz
[20-04-2021 19:20:06] -rw-r--r--    1 root     root       2564656 Apr 17 07:36 sepp_packetstore_exp510_20210417_014524.gz
[20-04-2021 19:20:06] -rw-r--r--    1 root     root       2564436 Apr 17 13:31 sepp_packetstore_exp510_20210417_073642.gz
[20-04-2021 19:20:06] -rw-r--r--    1 root     root        183532 Apr 17 16:52 exp144_results_20210417C.tar.gz_aa
[20-04-2021 19:20:06] -rw-r--r--    1 root     root        183532 Apr 17 18:30 exp144_results_20210417D.tar.gz_aa
[20-04-2021 19:20:06] -rw-r--r--    1 root     root       2574714 Apr 17 19:21 sepp_packetstore_exp510_20210417_133116_1.gz
[20-04-2021 19:20:06] -rw-r--r--    1 root     root        203116 Apr 17 22:00 opssat_smartcam_jpeg_exp1000_20210417_220001_previous.tar.gz
[20-04-2021 19:20:06] -rw-r--r--    1 root     root        587931 Apr 18 06:59 opssat_smartcam_jpeg_exp1000_20210418_065958_1.tar.gz
[20-04-2021 19:20:12] -rw-r--r--    1 root     root       2564527 Apr 18 07:51 sepp_packetstore_exp510_20210418_015959_1.gz
[20-04-2021 19:20:12] -rw-r--r--    1 root     root         51638 Apr 18 07:58 sepp_packetstore_exp510_20210418_075142.gz
[20-04-2021 19:20:12] -rw-r--r--    1 root     root        669496 Apr 18 07:58 sepp_packetstore_exp510_20210417_192112_1.gz
[20-04-2021 19:20:12] -rw-r--r--    1 root     root       1746947 Apr 18 13:58 sepp_packetstore_exp510_20210418_075957_1.gz
[20-04-2021 19:20:12] -rw-r--r--    1 root     root        212992 Apr 18 16:37 exp144_results_20210418B.tar.gz_aa
[20-04-2021 19:20:12] -rw-r--r--    1 root     root            45 Apr 19 03:24 exp144_results_20210419A.tar.gz_aa
[20-04-2021 19:20:12] -rw-r--r--    1 root     root            45 Apr 19 05:00 exp144_results_20210419B.tar.gz_aa
[20-04-2021 19:20:12] -rw-r--r--    1 root     root        896819 Apr 19 06:00 opssat_smartcam_jpeg_exp1000_20210419_055959_previous.tar.gz
[20-04-2021 19:20:12] -rw-r--r--    1 root     root            45 Apr 19 16:25 exp144_results_20210419_1.tar.gz
[20-04-2021 19:20:12] -rw-r--r--    1 root     root       1125443 Apr 19 16:26 exp144_results_20210419_old.tar.gz
[20-04-2021 19:20:12] -rw-r--r--    1 root     root            45 Apr 19 17:57 exp144_results_20210419_2.tar.gz_aa
[20-04-2021 19:20:12] DATA: STOP
[20-04-2021 19:20:14] COMMAND  Uplink to SEPP: tar -czvf /home/exp144/exp144_results_20210420A.tar.gz /home/exp144/toGround; ls -ltr /home/exp144/bin/Mochi/logs; mv /home/exp144/exp144_results_20210419_old.tar.gz /home/root/esoc-apps/fms/filestore/toGround/; echo "moved"
[20-04-2021 19:20:21] DATA: START
[20-04-2021 19:20:21] tar: Removing leading `/' from member names
[20-04-2021 19:20:21] tar: /home/exp144/toGround: Cannot stat: No such file or directory
[20-04-2021 19:20:21] tar: Exiting with failure status due to previous errors
[20-04-2021 19:20:21] total 8
[20-04-2021 19:20:21] -rw-r--r--    1 exp144   exp144        5380 Apr 18 02:06 orbitai.log
[20-04-2021 19:20:21] mv: can't rename '/home/exp144/exp144_results_20210419_old.tar.gz': No such file or directory
[20-04-2021 19:20:21] moved
[20-04-2021 19:20:21] DATA: STOP
[20-04-2021 19:20:25] COMMAND  Uplink to SEPP: mv /home/exp144/exp144_results_20210420A.tar.gz /home/root/esoc-apps/fms/filestore/toGround/; df -h; du -sh /home/*; du -sh /home/root/*; du -sh /home/root/esoc-apps/fms/filestore/*; ps -ef | grep exp 
[20-04-2021 19:20:32] DATA: START
[20-04-2021 19:20:32] DATA: STOP
[20-04-2021 19:21:05] COMMAND  Uplink to SEPP: eval 'for f in /home/exp144/bin/Mochi/models/*; do echo -e "\n\n${f}:\n"; cat ${f}; done'; cat /home/exp144/bin/Mochi/logs/orbitai.log; df -h; ls -ltr /home/root/esoc-apps/fms/filestore/toGround/
[20-04-2021 19:21:06] DATA: START
[20-04-2021 19:21:06] 
[20-04-2021 19:21:06] 
[20-04-2021 19:21:06] /home/exp144/bin/Mochi/models/adam_1D:
[20-04-2021 19:21:06] 
[20-04-2021 19:21:06] 0 0 1 0 4.36882907412133870e-01 1 0 -1.68696816999817374e-39 1 0 2.14703943361719933e-02 1
[20-04-2021 19:21:06] 
[20-04-2021 19:21:06] /home/exp144/bin/Mochi/models/adam_2D:
[20-04-2021 19:21:06] 
[20-04-2021 19:21:06] 0 0 2 0 4.36882907412133870e-01 2.52554501302800827e-01 2 0 -1.68696816999817374e-39 -1.68736135850314904e-41 2 0 2.14703943361719933e-02 1.31500911311528430e-02 2
[20-04-2021 19:21:06] 
[20-04-2021 19:21:06] /home/exp144/bin/Mochi/models/adam_3D:
[20-04-2021 19:21:06] 
[20-04-2021 19:21:06] 0 0 3 0 4.36882907412133870e-01 2.52554501302800827e-01 1.64775303243857502e-01 3 0 -1.68696816999817374e-39 -1.68736135850314904e-41 -1.68814783207082145e-43 3 0 2.14703943361719933e-02 1.31500911311528430e-02 1.11835842150498996e-02 3
[20-04-2021 19:21:06] 
[20-04-2021 19:21:06] /home/exp144/bin/Mochi/models/adam_5D:
[20-04-2021 19:21:06] 
[20-04-2021 19:21:06] 0 0 5 0 8.93605893839448551e-01 8.29310622616692306e-01 5.77343288259187570e-01 6.55515588911465441e-01 8.60423727314115427e-01 5 0 -5.99999841127584643e-01 -2.36797752414220567e-11 -9.22336698657129143e-12 -1.69999933270929243e-01 -4.10000153819439717e-01 5 0 1.43266165120646216e-01 1.40591224506260049e-01 1.87545591243262394e-01 8.05450628900642035e-02 1.97093092710605572e-01 5
[20-04-2021 19:21:06] 
[20-04-2021 19:21:06] /home/exp144/bin/Mochi/models/arow_1D:
[20-04-2021 19:21:06] 
[20-04-2021 19:21:06] 0 0 1 0 7.19454869045724286e-03 1 0 1.21722770656673585e+00 1 8.00000000000000044e-01
[20-04-2021 19:21:06] 
[20-04-2021 19:21:06] /home/exp144/bin/Mochi/models/arow_2D:
[20-04-2021 19:21:06] 
[20-04-2021 19:21:06] 0 0 2 0 7.47404814155608853e-03 1.11394603853488833e-02 2 0 2.58307196932672767e+00 -1.71102131522213452e+00 2 8.00000000000000044e-01
[20-04-2021 19:21:06] 
[20-04-2021 19:21:06] /home/exp144/bin/Mochi/models/arow_3D:
[20-04-2021 19:21:06] 
[20-04-2021 19:21:06] 0 0 3 0 1.64409093936696629e-02 2.06612918921943445e-02 1.97018403449371465e-02 3 0 3.14054809254985390e+00 3.10119393888134254e-01 -2.61181907726366758e+00 3 8.00000000000000044e-01
[20-04-2021 19:21:06] 
[20-04-2021 19:21:06] /home/exp144/bin/Mochi/models/arow_5D:
[20-04-2021 19:21:06] 
[20-04-2021 19:21:06] 0 0 5 0 2.11401272985704911e-03 1.19946890633724820e-02 7.83378615680794393e-03 1.62524250966252330e-02 2.22511329184678502e-02 5 0 4.85197610234770482e-01 1.03767096730676345e+00 7.85871756646666753e-01 1.08056583000675088e+00 1.32356413261626349e+00 5 8.00000000000000044e-01
[20-04-2021 19:21:06] 
[20-04-2021 19:21:06] /home/exp144/bin/Mochi/models/nherd_1D:
[20-04-2021 19:21:06] 
[20-04-2021 19:21:06] 0 0 1 0 4.15494173921317628e-02 1 0 1.05778661328172663e+00 1 1.00000000000000006e-01 0
[20-04-2021 19:21:06] 
[20-04-2021 19:21:06] /home/exp144/bin/Mochi/models/nherd_2D:
[20-04-2021 19:21:06] 
[20-04-2021 19:21:06] 0 0 2 0 4.30305786779866389e-02 6.38777854576961096e-02 2 0 1.24239628414409453e+00 -4.10894596200589213e-01 2 1.00000000000000006e-01 0
[20-04-2021 19:21:06] 
[20-04-2021 19:21:06] /home/exp144/bin/Mochi/models/nherd_3D:
[20-04-2021 19:21:06] 
[20-04-2021 19:21:06] 0 0 3 0 4.40355662238284956e-02 6.61262508046321362e-02 7.17187560521003048e-02 3 0 1.47794840818820461e+00 -5.60128962899789085e-03 -7.50148178152000522e-01 3 1.00000000000000006e-01 0
[20-04-2021 19:21:06] 
[20-04-2021 19:21:06] /home/exp144/bin/Mochi/models/nherd_5D:
[20-04-2021 19:21:06] 
[20-04-2021 19:21:06] 0 0 5 0 7.37945897309715600e-03 1.89827574097797928e-02 1.75727431616155005e-02 4.00888100986452403e-02 1.43269007536734674e-02 5 0 5.66719296266134598e-01 7.83948702307408873e-01 7.28499799106687163e-01 8.62505217777511102e-01 8.74154003423505244e-01 5 1.00000000000000006e-01 0
[20-04-2021 19:21:06] 
[20-04-2021 19:21:06] /home/exp144/bin/Mochi/models/rda_1D:
[20-04-2021 19:21:06] 
[20-04-2021 19:21:06] 0 0 1 0 1.38012655098133186e+00 1 0 1.18529600000000556e+02 1 0 -1.50259999999999337e+02 1 1.00000000000000006e-01 9.99999999999999955e-07 3828
[20-04-2021 19:21:06] 
[20-04-2021 19:21:06] /home/exp144/bin/Mochi/models/rda_2D:
[20-04-2021 19:21:06] 
[20-04-2021 19:21:06] 0 0 2 0 1.30927251846698534e+00 6.06907393771595527e-01 2 0 1.10559100000000512e+02 7.30605520299987603e+01 2 0 -1.37669999999999163e+02 -5.18795000000005757e+01 2 1.00000000000000006e-01 9.99999999999999955e-07 3808
[20-04-2021 19:21:06] 
[20-04-2021 19:21:06] /home/exp144/bin/Mochi/models/rda_3D:
[20-04-2021 19:21:06] 
[20-04-2021 19:21:06] 0 0 3 0 1.29190100169378974e+00 5.90632951193526212e-01 2.37463109944139772e-01 3 0 1.08996400000000520e+02 7.25646375999987754e+01 6.73361220728047130e+01 3 0 -1.34879999999999171e+02 -5.03168000000005549e+01 -1.94896910000002741e+01 3 1.00000000000000006e-01 9.99999999999999955e-07 3803
[20-04-2021 19:21:06] 
[20-04-2021 19:21:06] /home/exp144/bin/Mochi/models/rda_5D:
[20-04-2021 19:21:06] 
[20-04-2021 19:21:06] 0 0 5 0 9.85731481105972862e-01 1.19067419010486453e+00 9.64632159007223322e-01 1.01101574399888139e+00 1.22399167902237527e+00 5 0 6.19728000000000492e+01 9.15078000000000031e+01 7.25955000000000439e+01 3.35489999999999924e+01 1.09053000000000111e+02 5 0 -7.75999999999999091e+01 -1.13899999999999949e+02 -8.21900000000000688e+01 -5.85599999999999739e+01 -1.27820000000000093e+02 5 1.00000000000000006e-01 9.99999999999999955e-07 453
[20-04-2021 19:21:06] 
[20-04-2021 19:21:06] /home/exp144/bin/Mochi/models/scw_1D:
[20-04-2021 19:21:06] 
[20-04-2021 19:21:07] 0 0 1 0 2.05803837255026129e-01 1 0 4.32968865722275553e-01 1 8.28943873691518229e-01 1.00000000000000000e+00
[20-04-2021 19:21:07] 
[20-04-2021 19:21:07] /home/exp144/bin/Mochi/models/scw_2D:
[20-04-2021 19:21:07] 
[20-04-2021 19:21:07] 0 0 2 0 5.40469862870530671e-01 5.64487064963577367e-01 2 0 9.36895087444122865e-01 5.57118187724832681e-01 2 8.28943873691518229e-01 1.00000000000000000e+00
[20-04-2021 19:21:07] 
[20-04-2021 19:21:07] /home/exp144/bin/Mochi/models/scw_3D:
[20-04-2021 19:21:07] 
[20-04-2021 19:21:07] 0 0 3 0 7.23056697145188498e-01 7.91614176284203386e-01 8.04128152954256326e-01 3 0 7.88578034538156891e-01 4.42758178292326166e-01 2.47062837063087792e-01 3 8.28943873691518229e-01 1.00000000000000000e+00
[20-04-2021 19:21:07] 
[20-04-2021 19:21:07] /home/exp144/bin/Mochi/models/scw_5D:
[20-04-2021 19:21:07] 
[20-04-2021 19:21:07] 0 0 5 0 5.99015696721691082e-01 4.05095855104260549e-01 1.79403090523521935e-01 6.38924997650230586e-01 7.01121937152410557e-01 5 0 1.43004777810070594e+00 5.39987900124142439e-01 2.11860131953269887e-01 1.62281148483377025e+00 1.02181140686773997e+00 5 8.28943873691518229e-01 1.00000000000000000e+00[2021-04-16 18:47:22.815][INFO] Loaded models/adam_1D
[20-04-2021 19:21:07] [2021-04-16 18:47:22.857][INFO] Loaded models/adam_2D
[20-04-2021 19:21:07] [2021-04-16 18:47:22.868][INFO] Loaded models/adam_3D
[20-04-2021 19:21:07] [2021-04-16 18:47:22.876][INFO] Loaded models/adam_5D
[20-04-2021 19:21:07] [2021-04-16 18:47:22.894][INFO] Loaded models/rda_1D
[20-04-2021 19:21:07] [2021-04-16 18:47:22.925][INFO] Loaded models/rda_2D
[20-04-2021 19:21:07] [2021-04-16 18:47:22.936][INFO] Loaded models/rda_3D
[20-04-2021 19:21:07] [2021-04-16 18:47:22.966][INFO] Loaded models/rda_5D
[20-04-2021 19:21:07] [2021-04-16 18:47:22.977][INFO] Loaded models/arow_1D
[20-04-2021 19:21:07] [2021-04-16 18:47:22.981][INFO] Loaded models/arow_2D
[20-04-2021 19:21:07] [2021-04-16 18:47:22.989][INFO] Loaded models/arow_3D
[20-04-2021 19:21:07] [2021-04-16 18:47:22.993][INFO] Loaded models/arow_5D
[20-04-2021 19:21:07] [2021-04-16 18:47:22.997][INFO] Loaded models/scw_1D
[20-04-2021 19:21:07] [2021-04-16 18:47:23.001][INFO] Loaded models/scw_2D
[20-04-2021 19:21:07] [2021-04-16 18:47:23.009][INFO] Loaded models/scw_3D
[20-04-2021 19:21:07] [2021-04-16 18:47:23.025][INFO] Loaded models/scw_5D
[20-04-2021 19:21:07] [2021-04-16 18:47:23.032][INFO] Loaded models/nherd_1D
[20-04-2021 19:21:07] [2021-04-16 18:47:23.037][INFO] Loaded models/nherd_2D
[20-04-2021 19:21:07] [2021-04-16 18:47:23.080][INFO] Loaded models/nherd_3D
[20-04-2021 19:21:07] [2021-04-16 18:47:23.095][INFO] Loaded models/nherd_5D
[20-04-2021 19:21:07] [2021-04-17 21:20:38.232][INFO] Loaded models/adam_1D
[20-04-2021 19:21:07] [2021-04-17 21:20:38.236][INFO] Loaded models/adam_2D
[20-04-2021 19:21:07] [2021-04-17 21:20:38.238][INFO] Loaded models/adam_3D
[20-04-2021 19:21:07] [2021-04-17 21:20:38.241][INFO] Loaded models/adam_5D
[20-04-2021 19:21:07] [2021-04-17 21:20:38.243][INFO] Loaded models/rda_1D
[20-04-2021 19:21:07] [2021-04-17 21:20:38.244][INFO] Loaded models/rda_2D
[20-04-2021 19:21:07] [2021-04-17 21:20:38.251][INFO] Loaded models/rda_3D
[20-04-2021 19:21:07] [2021-04-17 21:20:38.254][INFO] Loaded models/rda_5D
[20-04-2021 19:21:07] [2021-04-17 21:20:38.256][INFO] Loaded models/arow_1D
[20-04-2021 19:21:07] [2021-04-17 21:20:38.257][INFO] Loaded models/arow_2D
[20-04-2021 19:21:07] [2021-04-17 21:20:38.259][INFO] Loaded models/arow_3D
[20-04-2021 19:21:07] [2021-04-17 21:20:38.262][INFO] Loaded models/arow_5D
[20-04-2021 19:21:07] [2021-04-17 21:20:38.271][INFO] Loaded models/scw_1D
[20-04-2021 19:21:07] [2021-04-17 21:20:38.273][INFO] Loaded models/scw_2D
[20-04-2021 19:21:07] [2021-04-17 21:20:38.275][INFO] Loaded models/scw_3D
[20-04-2021 19:21:07] [2021-04-17 21:20:38.277][INFO] Loaded models/scw_5D
[20-04-2021 19:21:07] [2021-04-17 21:20:38.279][INFO] Loaded models/nherd_1D
[20-04-2021 19:21:07] [2021-04-17 21:20:38.282][INFO] Loaded models/nherd_2D
[20-04-2021 19:21:07] [2021-04-17 21:20:38.307][INFO] Loaded models/nherd_3D
[20-04-2021 19:21:07] [2021-04-17 21:20:38.321][INFO] Loaded models/nherd_5D
[20-04-2021 19:21:07] [2021-04-17 22:56:34.672][INFO] Loaded models/adam_1D
[20-04-2021 19:21:07] [2021-04-17 22:56:34.673][INFO] Loaded models/adam_2D
[20-04-2021 19:21:07] [2021-04-17 22:56:34.674][INFO] Loaded models/adam_3D
[20-04-2021 19:21:07] [2021-04-17 22:56:34.674][INFO] Loaded models/adam_5D
[20-04-2021 19:21:07] [2021-04-17 22:56:34.674][INFO] Loaded models/rda_1D
[20-04-2021 19:21:07] [2021-04-17 22:56:34.675][INFO] Loaded models/rda_2D
[20-04-2021 19:21:07] [2021-04-17 22:56:34.705][INFO] Loaded models/rda_3D
[20-04-2021 19:21:07] [2021-04-17 22:56:34.706][INFO] Loaded models/rda_5D
[20-04-2021 19:21:07] [2021-04-17 22:56:34.707][INFO] Loaded models/arow_1D
[20-04-2021 19:21:07] [2021-04-17 22:56:34.724][INFO] Loaded models/arow_2D
[20-04-2021 19:21:07] [2021-04-17 22:56:34.732][INFO] Loaded models/arow_3D
[20-04-2021 19:21:07] [2021-04-17 22:56:34.733][INFO] Loaded models/arow_5D
[20-04-2021 19:21:07] [2021-04-17 22:56:34.733][INFO] Loaded models/scw_1D
[20-04-2021 19:21:07] [2021-04-17 22:56:34.733][INFO] Loaded models/scw_2D
[20-04-2021 19:21:07] [2021-04-17 22:56:34.734][INFO] Loaded models/scw_3D
[20-04-2021 19:21:07] [2021-04-17 22:56:34.734][INFO] Loaded models/scw_5D
[20-04-2021 19:21:07] [2021-04-17 22:56:34.734][INFO] Loaded models/nherd_1D
[20-04-2021 19:21:07] [2021-04-17 22:56:34.734][INFO] Loaded models/nherd_2D
[20-04-2021 19:21:07] [2021-04-17 22:56:34.735][INFO] Loaded models/nherd_3D
[20-04-2021 19:21:07] [2021-04-17 22:56:34.735][INFO] Loaded models/nherd_5D
[20-04-2021 19:21:07] [2021-04-18 00:31:51.295][INFO] Loaded models/adam_1D
[20-04-2021 19:21:07] [2021-04-18 00:31:51.296][INFO] Loaded models/adam_2D
[20-04-2021 19:21:07] [2021-04-18 00:31:51.296][INFO] Loaded models/adam_3D
[20-04-2021 19:21:07] [2021-04-18 00:31:51.296][INFO] Loaded models/adam_5D
[20-04-2021 19:21:07] [2021-04-18 00:31:51.297][INFO] Loaded models/rda_1D
[20-04-2021 19:21:07] [2021-04-18 00:31:51.297][INFO] Loaded models/rda_2D
[20-04-2021 19:21:07] [2021-04-18 00:31:51.297][INFO] Loaded models/rda_3D
[20-04-2021 19:21:07] [2021-04-18 00:31:51.298][INFO] Loaded models/rda_5D
[20-04-2021 19:21:07] [2021-04-18 00:31:51.298][INFO] Loaded models/arow_1D
[20-04-2021 19:21:07] [2021-04-18 00:31:51.298][INFO] Loaded models/arow_2D
[20-04-2021 19:21:07] [2021-04-18 00:31:51.299][INFO] Loaded models/arow_3D
[20-04-2021 19:21:07] [2021-04-18 00:31:51.299][INFO] Loaded models/arow_5D
[20-04-2021 19:21:07] [2021-04-18 00:31:51.299][INFO] Loaded models/scw_1D
[20-04-2021 19:21:07] [2021-04-18 00:31:51.300][INFO] Loaded models/scw_2D
[20-04-2021 19:21:07] [2021-04-18 00:31:51.324][INFO] Loaded models/scw_3D
[20-04-2021 19:21:07] [2021-04-18 00:31:51.325][INFO] Loaded models/scw_5D
[20-04-2021 19:21:07] [2021-04-18 00:31:51.325][INFO] Loaded models/nherd_1D
[20-04-2021 19:21:07] [2021-04-18 00:31:51.325][INFO] Loaded models/nherd_2D
[20-04-2021 19:21:07] [2021-04-18 00:31:51.326][INFO] Loaded models/nherd_3D
[20-04-2021 19:21:07] [2021-04-18 00:31:51.326][INFO] Loaded models/nherd_5D
[20-04-2021 19:21:07] [2021-04-18 02:06:42.304][INFO] Loaded models/adam_1D
[20-04-2021 19:21:07] [2021-04-18 02:06:42.327][INFO] Loaded models/adam_2D
[20-04-2021 19:21:07] [2021-04-18 02:06:42.344][INFO] Loaded models/adam_3D
[20-04-2021 19:21:07] [2021-04-18 02:06:42.351][INFO] Loaded models/adam_5D
[20-04-2021 19:21:07] [2021-04-18 02:06:42.361][INFO] Loaded models/rda_1D
[20-04-2021 19:21:07] [2021-04-18 02:06:42.366][INFO] Loaded models/rda_2D
[20-04-2021 19:21:07] [2021-04-18 02:06:42.371][INFO] Loaded models/rda_3D
[20-04-2021 19:21:07] [2021-04-18 02:06:42.388][INFO] Loaded models/rda_5D
[20-04-2021 19:21:07] [2021-04-18 02:06:42.391][INFO] Loaded models/arow_1D
[20-04-2021 19:21:07] [2021-04-18 02:06:42.396][INFO] Loaded models/arow_2D
[20-04-2021 19:21:07] [2021-04-18 02:06:42.419][INFO] Loaded models/arow_3D
[20-04-2021 19:21:07] [2021-04-18 02:06:42.443][INFO] Loaded models/arow_5D
[20-04-2021 19:21:07] [2021-04-18 02:06:42.453][INFO] Loaded models/scw_1D
[20-04-2021 19:21:07] [2021-04-18 02:06:42.464][INFO] Loaded models/scw_2D
[20-04-2021 19:21:07] [2021-04-18 02:06:42.619][INFO] Loaded models/scw_3D
[20-04-2021 19:21:07] [2021-04-18 02:06:42.629][INFO] Loaded models/scw_5D
[20-04-2021 19:21:07] [2021-04-18 02:06:42.649][INFO] Loaded models/nherd_1D
[20-04-2021 19:21:07] [2021-04-18 02:06:42.654][INFO] Loaded models/nherd_2D
[20-04-2021 19:21:07] [2021-04-18 02:06:42.661][INFO] Loaded models/nherd_3D
[20-04-2021 19:21:07] [2021-04-18 02:06:42.666][INFO] Loaded models/nherd_5D
[20-04-2021 19:21:07] Filesystem                Size      Used Available Use% Mounted on
[20-04-2021 19:21:07] /dev/root                 3.8G      2.2G      1.4G  62% /
[20-04-2021 19:21:07] devtmpfs                207.4M         0    207.4M   0% /dev
[20-04-2021 19:21:07] tmpfs                   215.9M         0    215.9M   0% /dev/shm
[20-04-2021 19:21:07] tmpfs                   215.9M    296.0K    215.6M   0% /run
[20-04-2021 19:21:07] tmpfs                   215.9M         0    215.9M   0% /sys/fs/cgroup
[20-04-2021 19:21:07] tmpfs                   215.9M    812.0K    215.1M   0% /tmp
[20-04-2021 19:21:07] tmpfs                   215.9M         0    215.9M   0% /var/volatile
[20-04-2021 19:21:07] total 49820
[20-04-2021 19:21:07] -rw-r--r--    1 root     root           497 Sep  4  2018 opssat_smartcam_logs_exp1000_20180904_235852.tar.gz
[20-04-2021 19:21:07] -rw-r--r--    1 root     root        536737 Sep  5  2018 sepp_packetstore_exp510_20210402_032706.gz
[20-04-2021 19:21:07] -rw-r--r--    1 root     root        800801 Sep  5  2018 sepp_packetstore_exp510_20210414_024822.gz
[20-04-2021 19:21:07] -rw-r--r--    1 root     root          7841 Sep  5  2018 opssat_smartcam_logs_exp1000_20180905_114043_previous.tar.gz
[20-04-2021 19:21:07] -rw-r--r--    1 root     root           841 Sep  5  2018 opssat_smartcam_logs_exp1000_20180905_114043.tar.gz
[20-04-2021 19:21:07] -rw-r--r--    1 root     root       2560551 Apr 13 01:19 sepp_packetstore_exp510_20210412_192630.gz
[20-04-2021 19:21:07] -rw-r--r--    1 root     root         49274 Apr 13 08:05 opssat_smartcam_logs_exp1000_20210413_080500_previous.tar.gz
[20-04-2021 19:21:07] -rw-r--r--    1 root     root        866069 Apr 13 20:40 opssat_smartcam_jpeg_exp1000_20210413_204005_previous.tar.gz
[20-04-2021 19:21:07] -rw-r--r--    1 root     root       1315815 Apr 14 01:41 opssat_smartcam_jpeg_exp1000_20210413_204005.tar.gz
[20-04-2021 19:21:07] -rw-r--r--    1 root     root           495 Apr 14 19:12 opssat_smartcam_logs_exp1000_20210414_191245.tar.gz
[20-04-2021 19:21:07] -rw-r--r--    1 root     root       2549774 Apr 15 01:55 sepp_packetstore_exp510_20210414_200002.gz
[20-04-2021 19:21:07] -rw-r--r--    1 root     root         27530 Apr 15 01:58 sepp_packetstore_exp510_20210415_015504.gz
[20-04-2021 19:21:07] -rw-r--r--    1 root     root       2622281 Apr 15 07:30 sepp_packetstore_exp510_20210415_020000.gz
[20-04-2021 19:21:13] -rw-r--r--    1 root     root        369781 Apr 15 07:58 sepp_packetstore_exp510_20210415_073050.gz
[20-04-2021 19:21:13] -rw-r--r--    1 root     root       2847072 Apr 15 11:35 sepp_packetstore_exp510_20210415_080000.gz
[20-04-2021 19:21:13] -rw-r--r--    1 root     root       1575829 Apr 15 13:58 sepp_packetstore_exp510_20210415_113503.gz
[20-04-2021 19:21:13] -rw-r--r--    1 root     root       2563858 Apr 15 19:49 sepp_packetstore_exp510_20210415_135959.gz
[20-04-2021 19:21:13] -rw-r--r--    1 root     root         69887 Apr 15 19:58 sepp_packetstore_exp510_20210415_194907.gz
[20-04-2021 19:21:13] -rw-r--r--    1 root     root        471383 Apr 15 21:35 sepp_packetstore_exp510_20210415_203500.gz
[20-04-2021 19:21:13] -rw-r--r--    1 root     root       1725116 Apr 16 01:58 sepp_packetstore_exp510_20210415_215958.gz
[20-04-2021 19:21:13] -rw-r--r--    1 root     root        235919 Apr 16 04:08 exp122_v97_toGroundLP.tar.gz
[20-04-2021 19:21:13] -rw-r--r--    1 root     root       1513003 Apr 16 04:08 exp122_v97_toGround.tar.gz
[20-04-2021 19:21:13] -rw-r--r--    1 root     root       2577327 Apr 16 07:50 sepp_packetstore_exp510_20210416_015958.gz
[20-04-2021 19:21:13] -rw-r--r--    1 root     root         63015 Apr 16 07:58 sepp_packetstore_exp510_20210416_075006.gz
[20-04-2021 19:21:13] -rw-r--r--    1 root     root       2565976 Apr 16 13:55 sepp_packetstore_exp510_20210416_075957.gz
[20-04-2021 19:21:13] -rw-r--r--    1 root     root         27486 Apr 16 13:58 sepp_packetstore_exp510_20210416_135506.gz
[20-04-2021 19:21:13] -rw-r--r--    1 root     root         71684 Apr 16 18:43 exp144_results_20210416.tar.gz_aa
[20-04-2021 19:21:13] -rw-r--r--    1 root     root       2577255 Apr 16 19:50 sepp_packetstore_exp510_20210416_135957.gz
[20-04-2021 19:21:13] -rw-r--r--    1 root     root       2555143 Apr 17 01:45 sepp_packetstore_exp510_20210416_195050.gz
[20-04-2021 19:21:13] -rw-r--r--    1 root     root        183532 Apr 17 03:53 exp144_results_20210417A.tar.gz_aa
[20-04-2021 19:21:13] -rw-r--r--    1 root     root        183532 Apr 17 05:28 exp144_results_20210417B.tar.gz_aa
[20-04-2021 19:21:13] -rw-r--r--    1 root     root       1251055 Apr 17 06:59 opssat_smartcam_jpeg_exp1000_20210417_065958_previous.tar.gz
[20-04-2021 19:21:13] -rw-r--r--    1 root     root       2564656 Apr 17 07:36 sepp_packetstore_exp510_20210417_014524.gz
[20-04-2021 19:21:13] -rw-r--r--    1 root     root       2564436 Apr 17 13:31 sepp_packetstore_exp510_20210417_073642.gz
[20-04-2021 19:21:13] -rw-r--r--    1 root     root        183532 Apr 17 16:52 exp144_results_20210417C.tar.gz_aa
[20-04-2021 19:21:13] -rw-r--r--    1 root     root        183532 Apr 17 18:30 exp144_results_20210417D.tar.gz_aa
[20-04-2021 19:21:13] -rw-r--r--    1 root     root       2574714 Apr 17 19:21 sepp_packetstore_exp510_20210417_133116_1.gz
[20-04-2021 19:21:13] -rw-r--r--    1 root     root        203116 Apr 17 22:00 opssat_smartcam_jpeg_exp1000_20210417_220001_previous.tar.gz
[20-04-2021 19:21:13] -rw-r--r--    1 root     root        587931 Apr 18 06:59 opssat_smartcam_jpeg_exp1000_20210418_065958_1.tar.gz
[20-04-2021 19:21:13] -rw-r--r--    1 root     root       2564527 Apr 18 07:51 sepp_packetstore_exp510_20210418_015959_1.gz
[20-04-2021 19:21:13] -rw-r--r--    1 root     root         51638 Apr 18 07:58 sepp_packetstore_exp510_20210418_075142.gz
[20-04-2021 19:21:13] -rw-r--r--    1 root     root        669496 Apr 18 07:58 sepp_packetstore_exp510_20210417_192112_1.gz
[20-04-2021 19:21:13] -rw-r--r--    1 root     root       1746947 Apr 18 13:58 sepp_packetstore_exp510_20210418_075957_1.gz
[20-04-2021 19:21:13] -rw-r--r--    1 root     root        212992 Apr 18 16:37 exp144_results_20210418B.tar.gz_aa
[20-04-2021 19:21:13] -rw-r--r--    1 root     root            45 Apr 19 03:24 exp144_results_20210419A.tar.gz_aa
[20-04-2021 19:21:13] -rw-r--r--    1 root     root            45 Apr 19 05:00 exp144_results_20210419B.tar.gz_aa
[20-04-2021 19:21:13] -rw-r--r--    1 root     root        896819 Apr 19 06:00 opssat_smartcam_jpeg_exp1000_20210419_055959_previous.tar.gz
[20-04-2021 19:21:13] -rw-r--r--    1 root     root            45 Apr 19 16:25 exp144_results_20210419_1.tar.gz
[20-04-2021 19:21:13] -rw-r--r--    1 root     root       1125443 Apr 19 16:26 exp144_results_20210419_old.tar.gz
[20-04-2021 19:21:13] -rw-r--r--    1 root     root            45 Apr 19 17:57 exp144_results_20210419_2.tar.gz_aa
[20-04-2021 19:21:13] DATA: STOP
