[18-04-2021 16:37:46] COMMAND  Uplink to SEPP: ls -R /home/exp144/toGround/ && tail -n 2 /home/exp144/toGround/learning/mochi-*/logs/training.csv && tail -n 2 /home/exp144/toGround/data/data_*.csv; mkdir /home/exp144/old_toGround
[18-04-2021 16:37:48] DATA: START
[18-04-2021 16:37:48] p144/toGround/learning:
[18-04-2021 16:37:48] mochi-2021-04-16_18-28-31
[18-04-2021 16:37:48] mochi-2021-04-16_19-58-14
[18-04-2021 16:37:48] mochi-2021-04-17_22-05-41
[18-04-2021 16:37:48] mochi-2021-04-17_23-41-44
[18-04-2021 16:37:48] mochi-2021-04-18_01-17-02
[18-04-2021 16:37:48] mochi-2021-04-18_02-51-48
[18-04-2021 16:37:48] 
[18-04-2021 16:37:48] /home/exp144/toGround/learning/mochi-2021-04-16_18-28-31:
[18-04-2021 16:37:48] logs
[18-04-2021 16:37:48] models
[18-04-2021 16:37:48] 
[18-04-2021 16:37:48] /home/exp144/toGround/learning/mochi-2021-04-16_18-28-31/logs:
[18-04-2021 16:37:48] training.csv
[18-04-2021 16:37:48] 
[18-04-2021 16:37:48] /home/exp144/toGround/learning/mochi-2021-04-16_18-28-31/models:
[18-04-2021 16:37:48] adam_1D
[18-04-2021 16:37:48] adam_2D
[18-04-2021 16:37:48] adam_3D
[18-04-2021 16:37:48] adam_5D
[18-04-2021 16:37:48] arow_1D
[18-04-2021 16:37:48] arow_2D
[18-04-2021 16:37:48] arow_3D
[18-04-2021 16:37:48] arow_5D
[18-04-2021 16:37:48] nherd_1D
[18-04-2021 16:37:48] nherd_2D
[18-04-2021 16:37:48] nherd_3D
[18-04-2021 16:37:48] nherd_5D
[18-04-2021 16:37:48] rda_1D
[18-04-2021 16:37:48] rda_2D
[18-04-2021 16:37:48] rda_3D
[18-04-2021 16:37:48] rda_5D
[18-04-2021 16:37:48] scw_1D
[18-04-2021 16:37:48] scw_2D
[18-04-2021 16:37:48] scw_3D
[18-04-2021 16:37:48] scw_5D
[18-04-2021 16:37:48] 
[18-04-2021 16:37:48] /home/exp144/toGround/learning/mochi-2021-04-16_19-58-14:
[18-04-2021 16:37:48] logs
[18-04-2021 16:37:48] models
[18-04-2021 16:37:48] 
[18-04-2021 16:37:48] /home/exp144/toGround/learning/mochi-2021-04-16_19-58-14/logs:
[18-04-2021 16:37:48] orbitai.log
[18-04-2021 16:37:48] training.csv
[18-04-2021 16:37:48] 
[18-04-2021 16:37:48] /home/exp144/toGround/learning/mochi-2021-04-16_19-58-14/models:
[18-04-2021 16:37:48] adam_1D
[18-04-2021 16:37:48] adam_2D
[18-04-2021 16:37:48] adam_3D
[18-04-2021 16:37:48] adam_5D
[18-04-2021 16:37:48] arow_1D
[18-04-2021 16:37:48] arow_2D
[18-04-2021 16:37:48] arow_3D
[18-04-2021 16:37:48] arow_5D
[18-04-2021 16:37:48] nherd_1D
[18-04-2021 16:37:48] nherd_2D
[18-04-2021 16:37:48] nherd_3D
[18-04-2021 16:37:48] nherd_5D
[18-04-2021 16:37:48] rda_1D
[18-04-2021 16:37:48] rda_2D
[18-04-2021 16:37:48] rda_3D
[18-04-2021 16:37:48] rda_5D
[18-04-2021 16:37:48] scw_1D
[18-04-2021 16:37:48] scw_2D
[18-04-2021 16:37:48] scw_3D
[18-04-2021 16:37:48] scw_5D
[18-04-2021 16:37:48] 
[18-04-2021 16:37:48] /home/exp144/toGround/learning/mochi-2021-04-17_22-05-41:
[18-04-2021 16:37:48] logs
[18-04-2021 16:37:48] models
[18-04-2021 16:37:48] 
[18-04-2021 16:37:48] /home/exp144/toGround/learning/mochi-2021-04-17_22-05-41/logs:
[18-04-2021 16:37:48] orbitai.log
[18-04-2021 16:37:48] training.csv
[18-04-2021 16:37:48] 
[18-04-2021 16:37:48] /home/exp144/toGround/learning/mochi-2021-04-17_22-05-41/models:
[18-04-2021 16:37:48] adam_1D
[18-04-2021 16:37:48] adam_2D
[18-04-2021 16:37:48] adam_3D
[18-04-2021 16:37:48] adam_5D
[18-04-2021 16:37:48] arow_1D
[18-04-2021 16:37:48] arow_2D
[18-04-2021 16:37:48] arow_3D
[18-04-2021 16:37:48] arow_5D
[18-04-2021 16:37:48] nherd_1D
[18-04-2021 16:37:48] nherd_2D
[18-04-2021 16:37:48] nherd_3D
[18-04-2021 16:37:48] nherd_5D
[18-04-2021 16:37:48] rda_1D
[18-04-2021 16:37:48] rda_2D
[18-04-2021 16:37:48] rda_3D
[18-04-2021 16:37:48] rda_5D
[18-04-2021 16:37:48] scw_1D
[18-04-2021 16:37:48] scw_2D
[18-04-2021 16:37:48] scw_3D
[18-04-2021 16:37:48] scw_5D
[18-04-2021 16:37:48] 
[18-04-2021 16:37:48] /home/exp144/toGround/learning/mochi-2021-04-17_23-41-44:
[18-04-2021 16:37:48] logs
[18-04-2021 16:37:48] models
[18-04-2021 16:37:48] 
[18-04-2021 16:37:48] /home/exp144/toGround/learning/mochi-2021-04-17_23-41-44/logs:
[18-04-2021 16:37:48] orbitai.log
[18-04-2021 16:37:48] training.csv
[18-04-2021 16:37:48] 
[18-04-2021 16:37:48] /home/exp144/toGround/learning/mochi-2021-04-17_23-41-44/models:
[18-04-2021 16:37:48] adam_1D
[18-04-2021 16:37:48] adam_2D
[18-04-2021 16:37:48] adam_3D
[18-04-2021 16:37:48] adam_5D
[18-04-2021 16:37:48] arow_1D
[18-04-2021 16:37:48] arow_2D
[18-04-2021 16:37:48] arow_3D
[18-04-2021 16:37:48] arow_5D
[18-04-2021 16:37:48] nherd_1D
[18-04-2021 16:37:48] nherd_2D
[18-04-2021 16:37:48] nherd_3D
[18-04-2021 16:37:48] nherd_5D
[18-04-2021 16:37:48] rda_1D
[18-04-2021 16:37:48] rda_2D
[18-04-2021 16:37:48] rda_3D
[18-04-2021 16:37:48] rda_5D
[18-04-2021 16:37:48] scw_1D
[18-04-2021 16:37:48] scw_2D
[18-04-2021 16:37:48] scw_3D
[18-04-2021 16:37:48] scw_5D
[18-04-2021 16:37:48] 
[18-04-2021 16:37:48] /home/exp144/toGround/learning/mochi-2021-04-18_01-17-02:
[18-04-2021 16:37:48] logs
[18-04-2021 16:37:48] models
[18-04-2021 16:37:48] 
[18-04-2021 16:37:48] /home/exp144/toGround/learning/mochi-2021-04-18_01-17-02/logs:
[18-04-2021 16:37:48] orbitai.log
[18-04-2021 16:37:48] training.csv
[18-04-2021 16:37:48] 
[18-04-2021 16:37:48] /home/exp144/toGround/learning/mochi-2021-04-18_01-17-02/models:
[18-04-2021 16:37:48] adam_1D
[18-04-2021 16:37:48] adam_2D
[18-04-2021 16:37:48] adam_3D
[18-04-2021 16:37:48] adam_5D
[18-04-2021 16:37:48] arow_1D
[18-04-2021 16:37:48] arow_2D
[18-04-2021 16:37:48] arow_3D
[18-04-2021 16:37:48] arow_5D
[18-04-2021 16:37:48] nherd_1D
[18-04-2021 16:37:48] nherd_2D
[18-04-2021 16:37:48] nherd_3D
[18-04-2021 16:37:48] nherd_5D
[18-04-2021 16:37:48] rda_1D
[18-04-2021 16:37:48] rda_2D
[18-04-2021 16:37:48] rda_3D
[18-04-2021 16:37:48] rda_5D
[18-04-2021 16:37:48] scw_1D
[18-04-2021 16:37:48] scw_2D
[18-04-2021 16:37:48] scw_3D
[18-04-2021 16:37:48] scw_5D
[18-04-2021 16:37:48] 
[18-04-2021 16:37:48] /home/exp144/toGround/learning/mochi-2021-04-18_02-51-48:
[18-04-2021 16:37:48] logs
[18-04-2021 16:37:48] models
[18-04-2021 16:37:48] 
[18-04-2021 16:37:48] /home/exp144/toGround/learning/mochi-2021-04-18_02-51-48/logs:
[18-04-2021 16:37:48] orbitai.log
[18-04-2021 16:37:48] training.csv
[18-04-2021 16:37:48] 
[18-04-2021 16:37:48] /home/exp144/toGround/learning/mochi-2021-04-18_02-51-48/models:
[18-04-2021 16:37:48] adam_1D
[18-04-2021 16:37:48] adam_2D
[18-04-2021 16:37:48] adam_3D
[18-04-2021 16:37:48] adam_5D
[18-04-2021 16:37:48] arow_1D
[18-04-2021 16:37:48] arow_2D
[18-04-2021 16:37:48] arow_3D
[18-04-2021 16:37:48] arow_5D
[18-04-2021 16:37:48] nherd_1D
[18-04-2021 16:37:48] nherd_2D
[18-04-2021 16:37:48] nherd_3D
[18-04-2021 16:37:48] nherd_5D
[18-04-2021 16:37:48] rda_1D
[18-04-2021 16:37:48] rda_2D
[18-04-2021 16:37:48] rda_3D
[18-04-2021 16:37:48] rda_5D
[18-04-2021 16:37:48] scw_1D
[18-04-2021 16:37:48] scw_2D
[18-04-2021 16:37:48] scw_3D
[18-04-2021 16:37:48] scw_5D
[18-04-2021 16:37:48] ==> /home/exp144/toGround/learning/mochi-2021-04-16_18-28-31/logs/training.csv <==
[18-04-2021 16:37:48] 1618597706004,0.130000,0.000000,0.000000,0.990000,0.240000,0.010000,1,0.017160,0.004010,0.005460,0.007980,0.004390,0.002710,0.002950,0.002200,0.003600,0.001850,0.002470,0.001800,0.005420,0.002570,0.002630,0.003190,0.005500,0.002220,0.003590,0.001840,0.003270,0.001830,0.001370,0.002170,0.001380,0.001790,0.002190,0.002190,0.001230,0.001790,0.002020,0.002090
[18-04-2021 16:37:48] 1618597711011,0.130000,0.000000,0.000000,1.000000,0.150000,0.010000,1,0.023470,0.004430,0.006160,0.009270,0.005420,0.003070,0.002850,0.003510,0.003870,0.003390,0.003150,0.002290,0.008100,0.002530,0.003670,0.004260,0.007520,0.002220,0.004190,0.003030,0.003680,0.003550,0.001570,0.002750,0.001400,0.001820,0.001970,0.002200,0.001300,0.001820,0.002290,0.002410
[18-04-2021 16:37:48] 
[18-04-2021 16:37:48] ==> /home/exp144/toGround/learning/mochi-2021-04-16_19-58-14/logs/training.csv <==
[18-04-2021 16:37:48] 1618603089374,0.850000,0.000000,0.570000,0.360000,0.000000,0.000000,1,0.030740,0.006390,0.007090,0.001210,0.008800,0.003770,0.002760,0.002200,0.003490,0.002200,0.002580,0.001780,0.009630,0.004470,0.002990,0.003770,0.006950,0.002360,0.004140,0.002460,0.004270,0.001860,0.001900,0.002750,0.001590,0.002000,0.002180,0.002330,0.002370,0.001820,0.002200,0.002320
[18-04-2021 16:37:48] 1618603094377,0.850000,0.000000,0.570000,0.360000,0.000000,0.000000,1,0.033150,0.006180,0.006950,0.001780,0.007460,0.002580,0.003500,0.002210,0.003190,0.002430,0.003780,0.002620,0.006030,0.004990,0.003680,0.004610,0.008520,0.003460,0.005750,0.002980,0.006130,0.003060,0.001890,0.002210,0.002390,0.004400,0.003600,0.004020,0.002980,0.002830,0.002000,0.005330
[18-04-2021 16:37:48] 
[18-04-2021 16:37:48] ==> /home/exp144/toGround/learning/mochi-2021-04-17_22-05-41/logs/training.csv <==
[18-04-2021 16:37:48] 1618697136606,0.280000,0.000000,0.000000,0.030000,0.540000,0.000000,1,0.017530,0.004160,0.005270,0.008010,0.004620,0.002490,0.002770,0.004080,0.003020,0.002410,0.002840,0.002590,0.005540,0.002530,0.002640,0.003320,0.004870,0.002410,0.003600,0.003020,0.003080,0.001790,0.001360,0.002190,0.001380,0.001780,0.001950,0.002200,0.001230,0.001780,0.002000,0.002090
[18-04-2021 16:37:48] 1618697141631,0.280000,0.000000,0.000000,0.040000,0.540000,0.000000,1,0.020570,0.004210,0.054510,0.008410,0.004340,0.002470,0.002890,0.004190,0.003150,0.002030,0.002500,0.002630,0.006120,0.002720,0.002840,0.003190,0.005490,0.002090,0.004890,0.003060,0.002700,0.001810,0.001370,0.002200,0.001570,0.001800,0.001960,0.002210,0.001230,0.001810,0.002350,0.002100
[18-04-2021 16:37:48] 
[18-04-2021 16:37:48] ==> /home/exp144/toGround/learning/mochi-2021-04-17_23-41-44/logs/training.csv <==
[18-04-2021 16:37:48] 1618702899660,0.000000,0.740000,0.410000,0.000000,0.000000,0.610000,1,0.019450,0.003990,0.005320,0.008000,0.004370,0.001310,0.001690,0.002800,0.003020,0.001840,0.002090,0.001770,0.005580,0.002560,0.002650,0.003200,0.005820,0.002080,0.003320,0.003000,0.002810,0.001800,0.001370,0.002170,0.001580,0.002250,0.001970,0.002200,0.001240,0.002090,0.002190,0.002100
[18-04-2021 16:37:48] 1618702904681,0.000000,0.870000,0.440000,0.000000,0.000000,0.620000,1,0.020120,0.003950,0.005200,0.007830,0.005080,0.001310,0.001680,0.002790,0.003130,0.002220,0.002040,0.001770,0.005910,0.002520,0.002630,0.003210,0.006200,0.002060,0.003680,0.001840,0.002970,0.001810,0.001370,0.002720,0.001420,0.001840,0.002140,0.002200,0.001240,0.001780,0.001990,0.002080
[18-04-2021 16:37:48] 
[18-04-2021 16:37:48] ==> /home/exp144/toGround/learning/mochi-2021-04-18_01-17-02/logs/training.csv <==
[18-04-2021 16:37:48] 1618708617297,0.180000,0.000000,0.000000,0.000000,0.780000,0.000000,1,0.018160,0.004020,0.005280,0.008050,0.004550,0.002480,0.002740,0.002190,0.002870,0.002140,0.002660,0.001780,0.005680,0.002520,0.002650,0.003430,0.006500,0.002700,0.003620,0.002990,0.003000,0.001790,0.001430,0.002170,0.001380,0.001800,0.001960,0.002210,0.001220,0.001790,0.001990,0.002080
[18-04-2021 16:37:48] 1618708622318,0.180000,0.000000,0.000000,0.000000,0.770000,0.000000,1,0.017670,0.004000,0.005240,0.008010,0.005110,0.002500,0.002790,0.002200,0.003000,0.002710,0.002480,0.001780,0.005520,0.002550,0.002640,0.003180,0.006090,0.002030,0.003720,0.003000,0.003070,0.001790,0.001370,0.002170,0.001380,0.001800,0.001960,0.002200,0.001230,0.002080,0.002000,0.002090
[18-04-2021 16:37:48] 
[18-04-2021 16:37:48] ==> /home/exp144/toGround/learning/mochi-2021-04-18_02-51-48/logs/training.csv <==
[18-04-2021 16:37:48] 1618714303818,0.600000,0.000000,0.000000,0.170000,0.410000,0.000000,1,0.019130,0.004520,0.005240,0.001800,0.005600,0.002510,0.002910,0.002230,0.002880,0.001910,0.002480,0.001800,0.006400,0.002550,0.002680,0.003240,0.005330,0.002050,0.003340,0.003000,0.004340,0.001800,0.001370,0.002190,0.001380,0.002290,0.001960,0.002200,0.001230,0.001780,0.002000,0.002100
[18-04-2021 16:37:48] 1618714308823,0.600000,0.000000,0.000000,0.170000,0.410000,0.000000,1,0.021780,0.004020,0.005320,0.001820,0.005050,0.002500,0.003050,0.002230,0.003660,0.002310,0.002820,0.001800,0.005750,0.002530,0.002840,0.003220,0.005930,0.002030,0.003590,0.003000,0.003680,0.001800,0.001380,0.002360,0.001380,0.002280,0.001960,0.002200,0.001230,0.001780,0.002000,0.002090
[18-04-2021 16:37:48] ==> /home/exp144/toGround/data/data_2021-04-16_17-17-36.csv <==
[18-04-2021 16:37:48] 1618597706004,0.13210775,false,0.0,false,0.0,false,0.99301434,true,0.2442632,false,0.013210761,false,0.0,0.0,0.0,0.747472,-0.023120405,0.03841836,0.66521084
[18-04-2021 16:37:48] 1618597711011,0.13210775,false,0.0,false,0.0,false,1.0015203,true,0.1483354,false,0.013210761,false,0.0,0.0,0.0,0.747472,-0.023120405,0.03841836,0.66521084
[18-04-2021 16:37:48] 
[18-04-2021 16:37:48] ==> /home/exp144/toGround/data/data_2021-04-16_18-47-19.csv <==
[18-04-2021 16:37:48] 1618603089374,0.850975,true,0.0,false,0.5672371,true,0.35838518,false,0.0,false,0.0,false,0.0,0.0,0.0,-0.08945428,0.71847034,0.55697584,0.40568122
[18-04-2021 16:37:48] 1618603094377,0.850975,true,0.0,false,0.5672371,true,0.35838518,false,0.0,false,0.0,false,0.0,0.0,0.0,-0.08945428,0.71847034,0.55697584,0.40568122
[18-04-2021 16:37:48] 
[18-04-2021 16:37:48] ==> /home/exp144/toGround/data/data_2021-04-17_21-20-34.csv <==
[18-04-2021 16:37:54] 1618697136606,0.27799132,false,0.0,false,0.0025708347,false,0.03000392,false,0.5358292,true,0.0,false,0.0,0.0,0.0,0.31807873,0.28831387,0.5725874,0.69424516
[18-04-2021 16:37:54] 1618697141631,0.27799132,false,0.0,false,0.0025708347,false,0.043859366,false,0.5358292,true,0.0,false,0.0,0.0,0.0,0.31807873,0.28831387,0.5725874,0.7040371
[18-04-2021 16:37:54] 
[18-04-2021 16:37:54] ==> /home/exp144/toGround/data/data_2021-04-17_22-56-31.csv <==
[18-04-2021 16:37:54] 1618702899660,0.0,false,0.74272305,true,0.40705657,true,0.0,false,0.0,false,0.6137933,true,0.0,0.0,0.0,-0.11905396,-0.020217612,-0.9672538,0.22198957
[18-04-2021 16:37:54] 1618702904681,0.0,false,0.865038,true,0.44090503,true,0.0,false,0.0,false,0.61702895,true,0.0,0.0,0.0,-0.1230564,-0.020217612,-0.9672538,0.22198957
[18-04-2021 16:37:54] 
[18-04-2021 16:37:54] ==> /home/exp144/toGround/data/data_2021-04-18_00-31-46.csv <==
[18-04-2021 16:37:54] 1618708617297,0.17933574,false,0.0,false,0.0,false,0.0,false,0.78484356,true,0.0026420786,false,0.0,0.0,0.0,-0.37008357,-0.17490107,0.6185439,0.67171204
[18-04-2021 16:37:54] 1618708622318,0.17933574,false,0.0,false,0.0,false,0.0,false,0.7735132,true,0.0026420786,false,0.0,0.0,0.0,-0.37008357,-0.17490107,0.6185439,0.67171204
[18-04-2021 16:37:54] 
[18-04-2021 16:37:54] ==> /home/exp144/toGround/data/data_2021-04-18_02-06-38.csv <==
[18-04-2021 16:37:54] 1618714303818,0.5974917,true,0.0,false,0.0,false,0.16926537,false,0.40607622,true,0.0,false,0.0,0.0,0.0,-0.27377218,0.24372905,0.8807743,0.296563
[18-04-2021 16:37:54] 1618714308823,0.5974917,true,0.0,false,0.0,false,0.16926537,false,0.40607622,true,0.0,false,0.0,0.0,0.0,-0.27377218,0.24372905,0.8807743,0.296563
[18-04-2021 16:37:54] DATA: STOP
[18-04-2021 16:37:56] COMMAND  Uplink to SEPP: tar -czvf /home/exp144/exp144_results_20210418B.tar.gz /home/exp144/toGround; ls -ltr /home/exp144/bin/Mochi/logs
[18-04-2021 16:38:03] DATA: START
[18-04-2021 16:38:03] tar: Removing leading `/' from member names
[18-04-2021 16:38:03] /home/exp144/toGround/
[18-04-2021 16:38:03] /home/exp144/toGround/learning/
[18-04-2021 16:38:03] /home/exp144/toGround/learning/mochi-2021-04-17_23-41-44/
[18-04-2021 16:38:03] /home/exp144/toGround/learning/mochi-2021-04-17_23-41-44/models/
[18-04-2021 16:38:03] /home/exp144/toGround/learning/mochi-2021-04-17_23-41-44/models/adam_5D
[18-04-2021 16:38:03] /home/exp144/toGround/learning/mochi-2021-04-17_23-41-44/models/rda_1D
[18-04-2021 16:38:03] /home/exp144/toGround/learning/mochi-2021-04-17_23-41-44/models/nherd_1D
[18-04-2021 16:38:03] /home/exp144/toGround/learning/mochi-2021-04-17_23-41-44/models/arow_1D
[18-04-2021 16:38:03] /home/exp144/toGround/learning/mochi-2021-04-17_23-41-44/models/adam_2D
[18-04-2021 16:38:03] /home/exp144/toGround/learning/mochi-2021-04-17_23-41-44/models/scw_1D
[18-04-2021 16:38:03] /home/exp144/toGround/learning/mochi-2021-04-17_23-41-44/models/adam_3D
[18-04-2021 16:38:03] /home/exp144/toGround/learning/mochi-2021-04-17_23-41-44/models/scw_2D
[18-04-2021 16:38:03] /home/exp144/toGround/learning/mochi-2021-04-17_23-41-44/models/arow_3D
[18-04-2021 16:38:03] /home/exp144/toGround/learning/mochi-2021-04-17_23-41-44/models/nherd_3D
[18-04-2021 16:38:03] /home/exp144/toGround/learning/mochi-2021-04-17_23-41-44/models/arow_2D
[18-04-2021 16:38:03] /home/exp144/toGround/learning/mochi-2021-04-17_23-41-44/models/adam_1D
[18-04-2021 16:38:03] /home/exp144/toGround/learning/mochi-2021-04-17_23-41-44/models/nherd_5D
[18-04-2021 16:38:03] /home/exp144/toGround/learning/mochi-2021-04-17_23-41-44/models/rda_3D
[18-04-2021 16:38:03] /home/exp144/toGround/learning/mochi-2021-04-17_23-41-44/models/rda_2D
[18-04-2021 16:38:03] /home/exp144/toGround/learning/mochi-2021-04-17_23-41-44/models/nherd_2D
[18-04-2021 16:38:03] /home/exp144/toGround/learning/mochi-2021-04-17_23-41-44/models/scw_5D
[18-04-2021 16:38:03] /home/exp144/toGround/learning/mochi-2021-04-17_23-41-44/models/arow_5D
[18-04-2021 16:38:03] /home/exp144/toGround/learning/mochi-2021-04-17_23-41-44/models/rda_5D
[18-04-2021 16:38:03] /home/exp144/toGround/learning/mochi-2021-04-17_23-41-44/models/scw_3D
[18-04-2021 16:38:03] /home/exp144/toGround/learning/mochi-2021-04-17_23-41-44/logs/
[18-04-2021 16:38:03] /home/exp144/toGround/learning/mochi-2021-04-17_23-41-44/logs/training.csv
[18-04-2021 16:38:03] DATA: STOP
[18-04-2021 16:38:05] COMMAND  Uplink to SEPP: split /home/exp144/exp144_results_20210418B.tar.gz -b 3M /home/exp144/exp144_results_20210418B.tar.gz_ && mv /home/exp144/exp144_results_20210418B.tar.gz_* /home/root/esoc-apps/fms/filestore/toGround
[18-04-2021 16:38:12] DATA: START
[18-04-2021 16:38:12] DATA: STOP
[18-04-2021 16:38:14] COMMAND  Uplink to SEPP: mv /home/exp144/toGround /home/exp144/old_toGround/; mv /home/exp144/bin/Mochi/logs/training.csv /home/exp144/old_toGround/; ls -ltR /home/exp144/
[18-04-2021 16:38:15] DATA: START
[18-04-2021 16:38:15] /home/exp144/toGround/learning/mochi-2021-04-18_02-51-48/logs/orbitai.log
[18-04-2021 16:38:15] /home/exp144/toGround/learning/mochi-2021-04-18_01-17-02/
[18-04-2021 16:38:15] /home/exp144/toGround/learning/mochi-2021-04-18_01-17-02/models/
[18-04-2021 16:38:15] /home/exp144/toGround/learning/mochi-2021-04-18_01-17-02/models/adam_5D
[18-04-2021 16:38:15] /home/exp144/toGround/learning/mochi-2021-04-18_01-17-02/models/rda_1D
[18-04-2021 16:38:15] /home/exp144/toGround/learning/mochi-2021-04-18_01-17-02/models/nherd_1D
[18-04-2021 16:38:15] /home/exp144/toGround/learning/mochi-2021-04-18_01-17-02/models/arow_1D
[18-04-2021 16:38:15] /home/exp144/toGround/learning/mochi-2021-04-18_01-17-02/models/adam_2D
[18-04-2021 16:38:15] /home/exp144/toGround/learning/mochi-2021-04-18_01-17-02/models/scw_1D
[18-04-2021 16:38:15] /home/exp144/toGround/learning/mochi-2021-04-18_01-17-02/models/adam_3D
[18-04-2021 16:38:15] /home/exp144/toGround/learning/mochi-2021-04-18_01-17-02/models/scw_2D
[18-04-2021 16:38:15] /home/exp144/toGround/learning/mochi-2021-04-18_01-17-02/models/arow_3D
[18-04-2021 16:38:15] /home/exp144/toGround/learning/mochi-2021-04-18_01-17-02/models/nherd_3D
[18-04-2021 16:38:15] /home/exp144/toGround/learning/mochi-2021-04-18_01-17-02/models/arow_2D
[18-04-2021 16:38:15] /home/exp144/toGround/learning/mochi-2021-04-18_01-17-02/models/adam_1D
[18-04-2021 16:38:15] /home/exp144/toGround/learning/mochi-2021-04-18_01-17-02/models/nherd_5D
[18-04-2021 16:38:15] /home/exp144/toGround/learning/mochi-2021-04-18_01-17-02/models/rda_3D
[18-04-2021 16:38:15] /home/exp144/toGround/learning/mochi-2021-04-18_01-17-02/models/rda_2D
[18-04-2021 16:38:15] /home/exp144/toGround/learning/mochi-2021-04-18_01-17-02/models/nherd_2D
[18-04-2021 16:38:15] /home/exp144/toGround/learning/mochi-2021-04-18_01-17-02/models/scw_5D
[18-04-2021 16:38:15] /home/exp144/toGround/learning/mochi-2021-04-18_01-17-02/models/arow_5D
[18-04-2021 16:38:15] /home/exp144/toGround/learning/mochi-2021-04-18_01-17-02/models/rda_5D
[18-04-2021 16:38:15] /home/exp144/toGround/learning/mochi-2021-04-18_01-17-02/models/scw_3D
[18-04-2021 16:38:15] /home/exp144/toGround/learning/mochi-2021-04-18_01-17-02/logs/
[18-04-2021 16:38:15] /home/exp144/toGround/learning/mochi-2021-04-18_01-17-02/logs/training.csv
[18-04-2021 16:38:15] /home/exp144/:
[18-04-2021 16:38:15] total 1336
[18-04-2021 16:38:15] drwxr-xr-x    3 root     root          4096 Apr 18 16:38 old_toGround
[18-04-2021 16:38:15] -rw-r--r--    1 root     root        409600 Apr 18 16:38 exp144_results_20210418B.tar.gz
[18-04-2021 16:38:15] -rw-r--r--    1 exp144   exp144        6592 Apr 18 06:50 log0.log.0
[18-04-2021 16:38:15] -rw-r--r--    1 exp144   exp144       65536 Apr 18 06:50 comArchive.db
[18-04-2021 16:38:15] -rw-r--r--    1 exp144   exp144        1037 Apr 18 06:50 providerURIs.properties
[18-04-2021 16:38:15] -rw-r--r--    1 exp144   exp144        1377 Apr 18 06:50 providerURIsSecondary.properties
[18-04-2021 16:38:15] -rw-r--r--    1 exp144   exp144           0 Apr 18 06:49 log0.log.0.lck
[18-04-2021 16:38:15] -rw-r--r--    1 exp144   exp144        7618 Apr 18 02:51 log0.log.1
[18-04-2021 16:38:15] -rw-r--r--    1 root     root        183532 Apr 17 18:30 exp144_results_20210417D.tar.gz
[18-04-2021 16:38:15] -rw-r--r--    1 root     root        183532 Apr 17 16:52 exp144_results_20210417C.tar.gz
[18-04-2021 16:38:15] -rwxrwx---    1 exp144   exp144        1012 Apr 17 16:52 orbit_ai.properties
[18-04-2021 16:38:15] -rw-r--r--    1 root     root        183532 Apr 17 05:28 exp144_results_20210417B.tar.gz
[18-04-2021 16:38:15] -rw-r--r--    1 root     root        183532 Apr 17 03:53 exp144_results_20210417A.tar.gz
[18-04-2021 16:38:15] -rw-r--r--    1 root     root         71684 Apr 16 18:43 exp144_results_20210416.tar.gz
[18-04-2021 16:38:15] drwxrwx---    3 exp144   exp144        4096 Apr 10 09:50 bin
[18-04-2021 16:38:15] -rwxrwx---    1 exp144   exp144         553 Apr 10 09:50 consumer.properties
[18-04-2021 16:38:15] -rwxrwx---    1 exp144   exp144          17 Apr 10 09:50 crc_apids.txt
[18-04-2021 16:38:15] drwxrwx---    2 exp144   exp144        4096 Apr 10 09:50 lib
[18-04-2021 16:38:15] -rwxrwx---    1 exp144   exp144        3092 Apr 10 09:50 mappingConfigurationParameters.xml
[18-04-2021 16:38:15] -rwxrwx---    1 exp144   exp144          17 Apr 10 09:50 processed_apids.txt
[18-04-2021 16:38:15] -rwxrwx---    1 exp144   exp144         776 Apr 10 09:50 provider.properties
[18-04-2021 16:38:15] -rwxrwx---    1 exp144   exp144        1274 Apr 10 09:50 settings.properties
[18-04-2021 16:38:15] -rwxrwx---    1 exp144   exp144         781 Apr 10 09:50 start_exp144.sh
[18-04-2021 16:38:15] -rwxrwx---    1 exp144   exp144        4128 Apr 10 09:50 transport.properties
[18-04-2021 16:38:15] 
[18-04-2021 16:38:15] /home/exp144/old_toGround:
[18-04-2021 16:38:15] total 1356
[18-04-2021 16:38:15] -rw-r--r--    1 exp144   exp144     1379732 Apr 18 02:51 training.csv
[18-04-2021 16:38:15] drwxr-xr-x    4 exp144   exp144        4096 Apr 16 18:28 toGround
[18-04-2021 16:38:15] 
[18-04-2021 16:38:15] /home/exp144/old_toGround/toGround:
[18-04-2021 16:38:15] total 8
[18-04-2021 16:38:15] drwxr-xr-x    8 exp144   exp144        4096 Apr 18 02:51 learning
[18-04-2021 16:38:15] drwxr-xr-x    2 exp144   exp144        4096 Apr 18 02:06 data
[18-04-2021 16:38:15] 
[18-04-2021 16:38:15] /home/exp144/old_toGround/toGround/learning:
[18-04-2021 16:38:15] total 24
[18-04-2021 16:38:15] drwxr-xr-x    4 exp144   exp144        4096 Apr 18 02:51 mochi-2021-04-18_02-51-48
[18-04-2021 16:38:15] drwxr-xr-x    4 exp144   exp144        4096 Apr 18 01:17 mochi-2021-04-18_01-17-02
[18-04-2021 16:38:15] drwxr-xr-x    4 exp144   exp144        4096 Apr 17 23:41 mochi-2021-04-17_23-41-44
[18-04-2021 16:38:15] drwxr-xr-x    4 exp144   exp144        4096 Apr 17 22:05 mochi-2021-04-17_22-05-41
[18-04-2021 16:38:15] drwxr-xr-x    4 exp144   exp144        4096 Apr 16 19:58 mochi-2021-04-16_19-58-14
[18-04-2021 16:38:15] drwxr-xr-x    4 exp144   exp144        4096 Apr 16 18:28 mochi-2021-04-16_18-28-31
[18-04-2021 16:38:15] 
[18-04-2021 16:38:15] /home/exp144/old_toGround/toGround/learning/mochi-2021-04-18_02-51-48:
[18-04-2021 16:38:15] total 8
[18-04-2021 16:38:15] drwxr-xr-x    2 exp144   exp144        4096 Apr 16 18:47 logs
[18-04-2021 16:38:15] drwxr-xr-x    2 exp144   exp144        4096 Apr 16 17:17 models
[18-04-2021 16:38:15] 
[18-04-2021 16:38:15] /home/exp144/old_toGround/toGround/learning/mochi-2021-04-18_02-51-48/logs:
[18-04-2021 16:38:15] total 1356
[18-04-2021 16:38:15] -rw-r--r--    1 exp144   exp144     1379732 Apr 18 02:51 training.csv
[18-04-2021 16:38:15] -rw-r--r--    1 exp144   exp144        5380 Apr 18 02:06 orbitai.log
[18-04-2021 16:38:15] 
[18-04-2021 16:38:15] /home/exp144/old_toGround/toGround/learning/mochi-2021-04-18_02-51-48/models:
[18-04-2021 16:38:15] total 80
[18-04-2021 16:38:15] -rw-r--r--    1 exp144   exp144          90 Apr 18 02:51 adam_1D
[18-04-2021 16:38:15] -rw-r--r--    1 exp144   exp144         163 Apr 18 02:51 adam_2D
[18-04-2021 16:38:15] -rw-r--r--    1 exp144   exp144         236 Apr 18 02:51 adam_3D
[18-04-2021 16:38:15] -rw-r--r--    1 exp144   exp144         382 Apr 18 02:51 adam_5D
[18-04-2021 16:38:15] -rw-r--r--    1 exp144   exp144          85 Apr 18 02:51 arow_1D
[18-04-2021 16:38:15] -rw-r--r--    1 exp144   exp144         134 Apr 18 02:51 arow_2D
[18-04-2021 16:38:15] -rw-r--r--    1 exp144   exp144         182 Apr 18 02:51 arow_3D
[18-04-2021 16:38:15] -rw-r--r--    1 exp144   exp144         277 Apr 18 02:51 arow_5D
[18-04-2021 16:38:15] -rw-r--r--    1 exp144   exp144          87 Apr 18 02:51 nherd_1D
[18-04-2021 16:38:15] -rw-r--r--    1 exp144   exp144         136 Apr 18 02:51 nherd_2D
[18-04-2021 16:38:15] -rw-r--r--    1 exp144   exp144         185 Apr 18 02:51 nherd_3D
[18-04-2021 16:38:15] -rw-r--r--    1 exp144   exp144         279 Apr 18 02:51 nherd_5D
[18-04-2021 16:38:15] -rw-r--r--    1 exp144   exp144         143 Apr 18 02:51 rda_1D
[18-04-2021 16:38:15] -rw-r--r--    1 exp144   exp144         216 Apr 18 02:51 rda_2D
[18-04-2021 16:38:15] -rw-r--r--    1 exp144   exp144         289 Apr 18 02:51 rda_3D
[18-04-2021 16:38:15] -rw-r--r--    1 exp144   exp144         434 Apr 18 02:51 rda_5D
[18-04-2021 16:38:15] -rw-r--r--    1 exp144   exp144         109 Apr 18 02:51 scw_1D
[18-04-2021 16:38:15] -rw-r--r--    1 exp144   exp144         157 Apr 18 02:51 scw_2D
[18-04-2021 16:38:15] -rw-r--r--    1 exp144   exp144         205 Apr 18 02:51 scw_3D
[18-04-2021 16:38:15] -rw-r--r--    1 exp144   exp144         301 Apr 18 02:51 scw_5D
[18-04-2021 16:38:15] 
[18-04-2021 16:38:15] /home/exp144/old_toGround/toGround/learning/mochi-2021-04-18_01-17-02:
[18-04-2021 16:38:15] total 8
[18-04-2021 16:38:15] drwxr-xr-x    2 exp144   exp144        4096 Apr 16 18:47 logs
[18-04-2021 16:38:15] drwxr-xr-x    2 exp144   exp144        4096 Apr 16 17:17 models
[18-04-2021 16:38:15] 
[18-04-2021 16:38:15] /home/exp144/old_toGround/toGround/learning/mochi-2021-04-18_01-17-02/logs:
[18-04-2021 16:38:15] total 1168
[18-04-2021 16:38:15] -rw-r--r--    1 exp144   exp144     1186770 Apr 18 01:17 training.csv
[18-04-2021 16:38:15] -rw-r--r--    1 exp144   exp144        4304 Apr 18 00:31 orbitai.log
[18-04-2021 16:38:15] 
[18-04-2021 16:38:15] /home/exp144/old_toGround/toGround/learning/mochi-2021-04-18_01-17-02/models:
[18-04-2021 16:38:15] total 80
[18-04-2021 16:38:15] -rw-r--r--    1 exp144   exp144          90 Apr 18 01:17 adam_1D
[18-04-2021 16:38:15] -rw-r--r--    1 exp144   exp144         163 Apr 18 01:17 adam_2D
[18-04-2021 16:38:15] -rw-r--r--    1 exp144   exp144         236 Apr 18 01:17 adam_3D
[18-04-2021 16:38:15] -rw-r--r--    1 exp144   exp144         382 Apr 18 01:17 adam_5D
[18-04-2021 16:38:15] -rw-r--r--    1 exp144   exp144          85 Apr 18 01:17 arow_1D
[18-04-2021 16:38:15] -rw-r--r--    1 exp144   exp144         134 Apr 18 01:17 arow_2D
[18-04-2021 16:38:15] -rw-r--r--    1 exp144   exp144         182 Apr 18 01:17 arow_3D
[18-04-2021 16:38:15] -rw-r--r--    1 exp144   exp144         277 Apr 18 01:17 arow_5D
[18-04-2021 16:38:15] -rw-r--r--    1 exp144   exp144          87 Apr 18 01:17 nherd_1D
[18-04-2021 16:38:15] -rw-r--r--    1 exp144   exp144         136 Apr 18 01:17 nherd_2D
[18-04-2021 16:38:15] -rw-r--r--    1 exp144   exp144         185 Apr 18 01:17 nherd_3D
[18-04-2021 16:38:15] -rw-r--r--    1 exp144   exp144         279 Apr 18 01:17 nherd_5D
[18-04-2021 16:38:15] -rw-r--r--    1 exp144   exp144         143 Apr 18 01:17 rda_1D
[18-04-2021 16:38:15] -rw-r--r--    1 exp144   exp144         216 Apr 18 01:17 rda_2D
[18-04-2021 16:38:15] -rw-r--r--    1 exp144   exp144         289 Apr 18 01:17 rda_3D
[18-04-2021 16:38:15] -rw-r--r--    1 exp144   exp144         434 Apr 18 01:17 rda_5D
[18-04-2021 16:38:15] -rw-r--r--    1 exp144   exp144         109 Apr 18 01:17 scw_1D
[18-04-2021 16:38:15] -rw-r--r--    1 exp144   exp144         157 Apr 18 01:17 scw_2D
[18-04-2021 16:38:15] -rw-r--r--    1 exp144   exp144         205 Apr 18 01:17 scw_3D
[18-04-2021 16:38:16] -rw-r--r--    1 exp144   exp144         301 Apr 18 01:17 scw_5D
[18-04-2021 16:38:16] 
[18-04-2021 16:38:16] /home/exp144/old_toGround/toGround/learning/mochi-2021-04-17_23-41-44:
[18-04-2021 16:38:16] total 8
[18-04-2021 16:38:16] drwxr-xr-x    2 exp144   exp144        4096 Apr 16 18:47 logs
[18-04-2021 16:38:16] drwxr-xr-x    2 exp144   exp144        4096 Apr 16 17:17 models
[18-04-2021 16:38:16] 
[18-04-2021 16:38:16] /home/exp144/old_toGround/toGround/learning/mochi-2021-04-17_23-41-44/logs:
[18-04-2021 16:38:16] total 976
[18-04-2021 16:38:16] -rw-r--r--    1 exp144   exp144      993808 Apr 17 23:41 training.csv
[18-04-2021 16:38:16] -rw-r--r--    1 exp144   exp144        3228 Apr 17 22:56 orbitai.log
[18-04-2021 16:38:16] 
[18-04-2021 16:38:16] /home/exp144/old_toGround/toGround/learning/mochi-2021-04-17_23-41-44/models:
[18-04-2021 16:38:16] total 80
[18-04-2021 16:38:16] -rw-r--r--    1 exp144   exp144          90 Apr 17 23:41 adam_1D
[18-04-2021 16:38:16] -rw-r--r--    1 exp144   exp144         163 Apr 17 23:41 adam_2D
[18-04-2021 16:38:16] -rw-r--r--    1 exp144   exp144         236 Apr 17 23:41 adam_3D
[18-04-2021 16:38:16] -rw-r--r--    1 exp144   exp144         382 Apr 17 23:41 adam_5D
[18-04-2021 16:38:16] -rw-r--r--    1 exp144   exp144          85 Apr 17 23:41 arow_1D
[18-04-2021 16:38:16] -rw-r--r--    1 exp144   exp144         134 Apr 17 23:41 arow_2D
[18-04-2021 16:38:16] -rw-r--r--    1 exp144   exp144         182 Apr 17 23:41 arow_3D
[18-04-2021 16:38:16] -rw-r--r--    1 exp144   exp144         277 Apr 17 23:41 arow_5D
[18-04-2021 16:38:16] -rw-r--r--    1 exp144   exp144          87 Apr 17 23:41 nherd_1D
[18-04-2021 16:38:16] -rw-r--r--    1 exp144   exp144         136 Apr 17 23:41 nherd_2D
[18-04-2021 16:38:16] -rw-r--r--    1 exp144   exp144         185 Apr 17 23:41 nherd_3D
[18-04-2021 16:38:16] -rw-r--r--    1 exp144   exp144         279 Apr 17 23:41 nherd_5D
[18-04-2021 16:38:16] -rw-r--r--    1 exp144   exp144         143 Apr 17 23:41 rda_1D
[18-04-2021 16:38:16] -rw-r--r--    1 exp144   exp144         216 Apr 17 23:41 rda_2D
[18-04-2021 16:38:16] -rw-r--r--    1 exp144   exp144         289 Apr 17 23:41 rda_3D
[18-04-2021 16:38:16] -rw-r--r--    1 exp144   exp144         434 Apr 17 23:41 rda_5D
[18-04-2021 16:38:16] -rw-r--r--    1 exp144   exp144         109 Apr 17 23:41 scw_1D
[18-04-2021 16:38:16] -rw-r--r--    1 exp144   exp144         157 Apr 17 23:41 scw_2D
[18-04-2021 16:38:16] -rw-r--r--    1 exp144   exp144         205 Apr 17 23:41 scw_3D
[18-04-2021 16:38:16] -rw-r--r--    1 exp144   exp144         301 Apr 17 23:41 scw_5D
[18-04-2021 16:38:16] 
[18-04-2021 16:38:16] /home/exp144/old_toGround/toGround/learning/mochi-2021-04-17_22-05-41:
[18-04-2021 16:38:16] total 8
[18-04-2021 16:38:16] drwxr-xr-x    2 exp144   exp144        4096 Apr 16 18:47 logs
[18-04-2021 16:38:16] drwxr-xr-x    2 exp144   exp144        4096 Apr 16 17:17 models
[18-04-2021 16:38:16] 
[18-04-2021 16:38:16] /home/exp144/old_toGround/toGround/learning/mochi-2021-04-17_22-05-41/logs:
[18-04-2021 16:38:16] total 788
[18-04-2021 16:38:16] -rw-r--r--    1 exp144   exp144      800846 Apr 17 22:05 training.csv
[18-04-2021 16:38:16] -rw-r--r--    1 exp144   exp144        2152 Apr 17 21:20 orbitai.log
[18-04-2021 16:38:16] 
[18-04-2021 16:38:16] /home/exp144/old_toGround/toGround/learning/mochi-2021-04-17_22-05-41/models:
[18-04-2021 16:38:16] total 80
[18-04-2021 16:38:16] -rw-r--r--    1 exp144   exp144          90 Apr 17 22:05 adam_1D
[18-04-2021 16:38:16] -rw-r--r--    1 exp144   exp144         163 Apr 17 22:05 adam_2D
[18-04-2021 16:38:16] -rw-r--r--    1 exp144   exp144         236 Apr 17 22:05 adam_3D
[18-04-2021 16:38:16] -rw-r--r--    1 exp144   exp144         382 Apr 17 22:05 adam_5D
[18-04-2021 16:38:16] -rw-r--r--    1 exp144   exp144          85 Apr 17 22:05 arow_1D
[18-04-2021 16:38:16] -rw-r--r--    1 exp144   exp144         134 Apr 17 22:05 arow_2D
[18-04-2021 16:38:16] -rw-r--r--    1 exp144   exp144         182 Apr 17 22:05 arow_3D
[18-04-2021 16:38:16] -rw-r--r--    1 exp144   exp144         277 Apr 17 22:05 arow_5D
[18-04-2021 16:38:16] -rw-r--r--    1 exp144   exp144          87 Apr 17 22:05 nherd_1D
[18-04-2021 16:38:16] -rw-r--r--    1 exp144   exp144         136 Apr 17 22:05 nherd_2D
[18-04-2021 16:38:16] -rw-r--r--    1 exp144   exp144         185 Apr 17 22:05 nherd_3D
[18-04-2021 16:38:16] -rw-r--r--    1 exp144   exp144         279 Apr 17 22:05 nherd_5D
[18-04-2021 16:38:16] -rw-r--r--    1 exp144   exp144         143 Apr 17 22:05 rda_1D
[18-04-2021 16:38:16] -rw-r--r--    1 exp144   exp144         216 Apr 17 22:05 rda_2D
[18-04-2021 16:38:16] -rw-r--r--    1 exp144   exp144         289 Apr 17 22:05 rda_3D
[18-04-2021 16:38:16] -rw-r--r--    1 exp144   exp144         434 Apr 17 22:05 rda_5D
[18-04-2021 16:38:16] -rw-r--r--    1 exp144   exp144         109 Apr 17 22:05 scw_1D
[18-04-2021 16:38:16] -rw-r--r--    1 exp144   exp144         157 Apr 17 22:05 scw_2D
[18-04-2021 16:38:16] -rw-r--r--    1 exp144   exp144         205 Apr 17 22:05 scw_3D
[18-04-2021 16:38:16] -rw-r--r--    1 exp144   exp144         302 Apr 17 22:05 scw_5D
[18-04-2021 16:38:16] 
[18-04-2021 16:38:16] /home/exp144/old_toGround/toGround/learning/mochi-2021-04-16_19-58-14:
[18-04-2021 16:38:16] total 8
[18-04-2021 16:38:16] drwxr-xr-x    2 exp144   exp144        4096 Apr 16 18:47 logs
[18-04-2021 16:38:16] drwxr-xr-x    2 exp144   exp144        4096 Apr 16 17:17 models
[18-04-2021 16:38:16] 
[18-04-2021 16:38:16] /home/exp144/old_toGround/toGround/learning/mochi-2021-04-16_19-58-14/logs:
[18-04-2021 16:38:16] total 600
[18-04-2021 16:38:16] -rw-r--r--    1 exp144   exp144      607884 Apr 16 19:58 training.csv
[18-04-2021 16:38:16] -rw-r--r--    1 exp144   exp144        1076 Apr 16 18:47 orbitai.log
[18-04-2021 16:38:16] 
[18-04-2021 16:38:16] /home/exp144/old_toGround/toGround/learning/mochi-2021-04-16_19-58-14/models:
[18-04-2021 16:38:16] total 80
[18-04-2021 16:38:16] -rw-r--r--    1 exp144   exp144          90 Apr 16 19:58 adam_1D
[18-04-2021 16:38:16] -rw-r--r--    1 exp144   exp144         163 Apr 16 19:58 adam_2D
[18-04-2021 16:38:16] -rw-r--r--    1 exp144   exp144         236 Apr 16 19:58 adam_3D
[18-04-2021 16:38:16] -rw-r--r--    1 exp144   exp144         382 Apr 16 19:58 adam_5D
[18-04-2021 16:38:16] -rw-r--r--    1 exp144   exp144          85 Apr 16 19:58 arow_1D
[18-04-2021 16:38:16] -rw-r--r--    1 exp144   exp144         133 Apr 16 19:58 arow_2D
[18-04-2021 16:38:16] -rw-r--r--    1 exp144   exp144         181 Apr 16 19:58 arow_3D
[18-04-2021 16:38:16] -rw-r--r--    1 exp144   exp144         277 Apr 16 19:58 arow_5D
[18-04-2021 16:38:16] -rw-r--r--    1 exp144   exp144          87 Apr 16 19:58 nherd_1D
[18-04-2021 16:38:16] -rw-r--r--    1 exp144   exp144         135 Apr 16 19:58 nherd_2D
[18-04-2021 16:38:16] -rw-r--r--    1 exp144   exp144         183 Apr 16 19:58 nherd_3D
[18-04-2021 16:38:16] -rw-r--r--    1 exp144   exp144         279 Apr 16 19:58 nherd_5D
[18-04-2021 16:38:16] -rw-r--r--    1 exp144   exp144         143 Apr 16 19:58 rda_1D
[18-04-2021 16:38:16] -rw-r--r--    1 exp144   exp144         216 Apr 16 19:58 rda_2D
[18-04-2021 16:38:16] -rw-r--r--    1 exp144   exp144         289 Apr 16 19:58 rda_3D
[18-04-2021 16:38:16] -rw-r--r--    1 exp144   exp144         434 Apr 16 19:58 rda_5D
[18-04-2021 16:38:16] -rw-r--r--    1 exp144   exp144         109 Apr 16 19:58 scw_1D
[18-04-2021 16:38:16] -rw-r--r--    1 exp144   exp144         157 Apr 16 19:58 scw_2D
[18-04-2021 16:38:16] -rw-r--r--    1 exp144   exp144         205 Apr 16 19:58 scw_3D
[18-04-2021 16:38:16] -rw-r--r--    1 exp144   exp144         301 Apr 16 19:58 scw_5D
[18-04-2021 16:38:16] 
[18-04-2021 16:38:16] /home/exp144/old_toGround/toGround/learning/mochi-2021-04-16_18-28-31:
[18-04-2021 16:38:16] total 8
[18-04-2021 16:38:16] drwxr-xr-x    2 exp144   exp144        4096 Apr 16 17:17 logs
[18-04-2021 16:38:16] drwxr-xr-x    2 exp144   exp144        4096 Apr 16 17:17 models
[18-04-2021 16:38:16] 
[18-04-2021 16:38:16] /home/exp144/old_toGround/toGround/learning/mochi-2021-04-16_18-28-31/logs:
[18-04-2021 16:38:16] total 300
[18-04-2021 16:38:16] -rw-r--r--    1 exp144   exp144      303942 Apr 16 18:28 training.csv
[18-04-2021 16:38:16] 
[18-04-2021 16:38:16] /home/exp144/old_toGround/toGround/learning/mochi-2021-04-16_18-28-31/models:
[18-04-2021 16:38:16] total 80
[18-04-2021 16:38:16] -rw-r--r--    1 exp144   exp144          90 Apr 16 18:28 adam_1D
[18-04-2021 16:38:16] -rw-r--r--    1 exp144   exp144         163 Apr 16 18:28 adam_2D
[18-04-2021 16:38:16] -rw-r--r--    1 exp144   exp144         236 Apr 16 18:28 adam_3D
[18-04-2021 16:38:16] -rw-r--r--    1 exp144   exp144         382 Apr 16 18:28 adam_5D
[18-04-2021 16:38:16] -rw-r--r--    1 exp144   exp144          85 Apr 16 18:28 arow_1D
[18-04-2021 16:38:16] -rw-r--r--    1 exp144   exp144         133 Apr 16 18:28 arow_2D
[18-04-2021 16:38:16] -rw-r--r--    1 exp144   exp144         181 Apr 16 18:28 arow_3D
[18-04-2021 16:38:16] -rw-r--r--    1 exp144   exp144         277 Apr 16 18:28 arow_5D
[18-04-2021 16:38:16] -rw-r--r--    1 exp144   exp144          87 Apr 16 18:28 nherd_1D
[18-04-2021 16:38:16] -rw-r--r--    1 exp144   exp144         135 Apr 16 18:28 nherd_2D
[18-04-2021 16:38:16] -rw-r--r--    1 exp144   exp144         183 Apr 16 18:28 nherd_3D
[18-04-2021 16:38:16] -rw-r--r--    1 exp144   exp144         279 Apr 16 18:28 nherd_5D
[18-04-2021 16:38:16] -rw-r--r--    1 exp144   exp144         142 Apr 16 18:28 rda_1D
[18-04-2021 16:38:16] -rw-r--r--    1 exp144   exp144         215 Apr 16 18:28 rda_2D
[18-04-2021 16:38:16] -rw-r--r--    1 exp144   exp144         288 Apr 16 18:28 rda_3D
[18-04-2021 16:38:16] -rw-r--r--    1 exp144   exp144         434 Apr 16 18:28 rda_5D
[18-04-2021 16:38:16] -rw-r--r--    1 exp144   exp144         109 Apr 16 18:28 scw_1D
[18-04-2021 16:38:16] -rw-r--r--    1 exp144   exp144         157 Apr 16 18:28 scw_2D
[18-04-2021 16:38:16] -rw-r--r--    1 exp144   exp144         205 Apr 16 18:28 scw_3D
[18-04-2021 16:38:16] -rw-r--r--    1 exp144   exp144         301 Apr 16 18:28 scw_5D
[18-04-2021 16:38:16] 
[18-04-2021 16:38:16] /home/exp144/old_toGround/toGround/data:
[18-04-2021 16:38:16] total 608
[18-04-2021 16:38:16] -rw-r--r--    1 exp144   exp144       79450 Apr 18 02:51 data_2021-04-18_02-06-38.csv
[18-04-2021 16:38:16] -rw-r--r--    1 exp144   exp144       81917 Apr 18 01:17 data_2021-04-18_00-31-46.csv
[18-04-2021 16:38:16] -rw-r--r--    1 exp144   exp144       83515 Apr 17 23:41 data_2021-04-17_22-56-31.csv
[18-04-2021 16:38:16] -rw-r--r--    1 exp144   exp144       84282 Apr 17 22:05 data_2021-04-17_21-20-34.csv
[18-04-2021 16:38:16] -rw-r--r--    1 exp144   exp144      127122 Apr 16 19:58 data_2021-04-16_18-47-19.csv
[18-04-2021 16:38:16] -rw-r--r--    1 exp144   exp144      129022 Apr 16 18:28 data_2021-04-16_17-17-36.csv
[18-04-2021 16:38:16] 
[18-04-2021 16:38:16] /home/exp144/bin:
[18-04-2021 16:38:16] total 4
[18-04-2021 16:38:16] drwxrwx---    4 exp144   exp144        4096 Apr 16 17:17 Mochi
[18-04-2021 16:38:16] 
[18-04-2021 16:38:16] /home/exp144/bin/Mochi:
[18-04-2021 16:38:16] total 1808
[18-04-2021 16:38:16] drwxr-xr-x    2 exp144   exp144        4096 Apr 18 16:38 logs
[18-04-2021 16:38:16] drwxr-xr-x    2 exp144   exp144        4096 Apr 16 17:17 models
[18-04-2021 16:38:16] -rwxrwx---    1 exp144   exp144     1839324 Apr 10 09:50 OrbitAI_Mochi
[18-04-2021 16:38:16] 
[18-04-2021 16:38:16] /home/exp144/bin/Mochi/logs:
[18-04-2021 16:38:16] total 8
[18-04-2021 16:38:22] -rw-r--r--    1 exp144   exp144        5380 Apr 18 02:06 orbitai.log
[18-04-2021 16:38:22] 
[18-04-2021 16:38:22] /home/exp144/bin/Mochi/models:
[18-04-2021 16:38:22] total 80
[18-04-2021 16:38:22] -rw-r--r--    1 exp144   exp144          90 Apr 18 02:51 adam_1D
[18-04-2021 16:38:22] -rw-r--r--    1 exp144   exp144         163 Apr 18 02:51 adam_2D
[18-04-2021 16:38:22] -rw-r--r--    1 exp144   exp144         236 Apr 18 02:51 adam_3D
[18-04-2021 16:38:22] -rw-r--r--    1 exp144   exp144         382 Apr 18 02:51 adam_5D
[18-04-2021 16:38:22] -rw-r--r--    1 exp144   exp144          85 Apr 18 02:51 arow_1D
[18-04-2021 16:38:22] -rw-r--r--    1 exp144   exp144         134 Apr 18 02:51 arow_2D
[18-04-2021 16:38:22] -rw-r--r--    1 exp144   exp144         182 Apr 18 02:51 arow_3D
[18-04-2021 16:38:22] -rw-r--r--    1 exp144   exp144         277 Apr 18 02:51 arow_5D
[18-04-2021 16:38:22] -rw-r--r--    1 exp144   exp144          87 Apr 18 02:51 nherd_1D
[18-04-2021 16:38:22] -rw-r--r--    1 exp144   exp144         136 Apr 18 02:51 nherd_2D
[18-04-2021 16:38:22] -rw-r--r--    1 exp144   exp144         185 Apr 18 02:51 nherd_3D
[18-04-2021 16:38:22] -rw-r--r--    1 exp144   exp144         279 Apr 18 02:51 nherd_5D
[18-04-2021 16:38:22] -rw-r--r--    1 exp144   exp144         143 Apr 18 02:51 rda_1D
[18-04-2021 16:38:22] -rw-r--r--    1 exp144   exp144         216 Apr 18 02:51 rda_2D
[18-04-2021 16:38:22] -rw-r--r--    1 exp144   exp144         289 Apr 18 02:51 rda_3D
[18-04-2021 16:38:22] -rw-r--r--    1 exp144   exp144         434 Apr 18 02:51 rda_5D
[18-04-2021 16:38:22] -rw-r--r--    1 exp144   exp144         109 Apr 18 02:51 scw_1D
[18-04-2021 16:38:22] -rw-r--r--    1 exp144   exp144         157 Apr 18 02:51 scw_2D
[18-04-2021 16:38:22] -rw-r--r--    1 exp144   exp144         205 Apr 18 02:51 scw_3D
[18-04-2021 16:38:22] -rw-r--r--    1 exp144   exp144         301 Apr 18 02:51 scw_5D
[18-04-2021 16:38:22] 
[18-04-2021 16:38:22] /home/exp144/lib:
[18-04-2021 16:38:22] total 880
[18-04-2021 16:38:22] -rwxrwx---    1 exp144   exp144      285424 Apr 10 09:50 commons-io-2.8.0.jar
[18-04-2021 16:38:22] -rwxrwx---    1 exp144   exp144      587402 Apr 10 09:50 commons-lang3-3.12.0.jar
[18-04-2021 16:38:22] -rwxrwx---    1 exp144   exp144       22718 Apr 10 09:50 orbit-ai-2.1.0-SNAPSHOT.jar
[18-04-2021 16:38:22] DATA: STOP
[18-04-2021 16:38:24] COMMAND  Uplink to SEPP: eval 'for f in /home/exp144/bin/Mochi/models/*; do echo -e "\n\n${f}:\n"; cat ${f}; done'
[18-04-2021 16:38:26] DATA: START
[18-04-2021 16:38:26] 
[18-04-2021 16:38:26] 
[18-04-2021 16:38:26] /home/exp144/bin/Mochi/models/adam_1D:
[18-04-2021 16:38:26] 
[18-04-2021 16:38:26] 0 0 1 0 4.36882907412133870e-01 1 0 -1.68696816999817374e-39 1 0 2.14703943361719933e-02 1
[18-04-2021 16:38:26] 
[18-04-2021 16:38:26] /home/exp144/bin/Mochi/models/adam_2D:
[18-04-2021 16:38:26] 
[18-04-2021 16:38:26] 0 0 2 0 4.36882907412133870e-01 2.52554501302800827e-01 2 0 -1.68696816999817374e-39 -1.68736135850314904e-41 2 0 2.14703943361719933e-02 1.31500911311528430e-02 2
[18-04-2021 16:38:26] 
[18-04-2021 16:38:26] /home/exp144/bin/Mochi/models/adam_3D:
[18-04-2021 16:38:26] 
[18-04-2021 16:38:26] 0 0 3 0 4.36882907412133870e-01 2.52554501302800827e-01 1.64775303243857502e-01 3 0 -1.68696816999817374e-39 -1.68736135850314904e-41 -1.68814783207082145e-43 3 0 2.14703943361719933e-02 1.31500911311528430e-02 1.11835842150498996e-02 3
[18-04-2021 16:38:26] 
[18-04-2021 16:38:26] /home/exp144/bin/Mochi/models/adam_5D:
[18-04-2021 16:38:26] 
[18-04-2021 16:38:26] 0 0 5 0 8.93605893839448551e-01 8.29310622616692306e-01 5.77343288259187570e-01 6.55515588911465441e-01 8.60423727314115427e-01 5 0 -5.99999841127584643e-01 -2.36797752414220567e-11 -9.22336698657129143e-12 -1.69999933270929243e-01 -4.10000153819439717e-01 5 0 1.43266165120646216e-01 1.40591224506260049e-01 1.87545591243262394e-01 8.05450628900642035e-02 1.97093092710605572e-01 5
[18-04-2021 16:38:26] 
[18-04-2021 16:38:26] /home/exp144/bin/Mochi/models/arow_1D:
[18-04-2021 16:38:26] 
[18-04-2021 16:38:26] 0 0 1 0 7.19454869045724286e-03 1 0 1.21722770656673585e+00 1 8.00000000000000044e-01
[18-04-2021 16:38:26] 
[18-04-2021 16:38:26] /home/exp144/bin/Mochi/models/arow_2D:
[18-04-2021 16:38:26] 
[18-04-2021 16:38:26] 0 0 2 0 7.47404814155608853e-03 1.11394603853488833e-02 2 0 2.58307196932672767e+00 -1.71102131522213452e+00 2 8.00000000000000044e-01
[18-04-2021 16:38:26] 
[18-04-2021 16:38:26] /home/exp144/bin/Mochi/models/arow_3D:
[18-04-2021 16:38:26] 
[18-04-2021 16:38:26] 0 0 3 0 1.64409093936696629e-02 2.06612918921943445e-02 1.97018403449371465e-02 3 0 3.14054809254985390e+00 3.10119393888134254e-01 -2.61181907726366758e+00 3 8.00000000000000044e-01
[18-04-2021 16:38:26] 
[18-04-2021 16:38:26] /home/exp144/bin/Mochi/models/arow_5D:
[18-04-2021 16:38:26] 
[18-04-2021 16:38:26] 0 0 5 0 2.11401272985704911e-03 1.19946890633724820e-02 7.83378615680794393e-03 1.62524250966252330e-02 2.22511329184678502e-02 5 0 4.85197610234770482e-01 1.03767096730676345e+00 7.85871756646666753e-01 1.08056583000675088e+00 1.32356413261626349e+00 5 8.00000000000000044e-01
[18-04-2021 16:38:26] 
[18-04-2021 16:38:26] /home/exp144/bin/Mochi/models/nherd_1D:
[18-04-2021 16:38:26] 
[18-04-2021 16:38:26] 0 0 1 0 4.15494173921317628e-02 1 0 1.05778661328172663e+00 1 1.00000000000000006e-01 0
[18-04-2021 16:38:26] 
[18-04-2021 16:38:26] /home/exp144/bin/Mochi/models/nherd_2D:
[18-04-2021 16:38:26] 
[18-04-2021 16:38:26] 0 0 2 0 4.30305786779866389e-02 6.38777854576961096e-02 2 0 1.24239628414409453e+00 -4.10894596200589213e-01 2 1.00000000000000006e-01 0
[18-04-2021 16:38:26] 
[18-04-2021 16:38:26] /home/exp144/bin/Mochi/models/nherd_3D:
[18-04-2021 16:38:26] 
[18-04-2021 16:38:26] 0 0 3 0 4.40355662238284956e-02 6.61262508046321362e-02 7.17187560521003048e-02 3 0 1.47794840818820461e+00 -5.60128962899789085e-03 -7.50148178152000522e-01 3 1.00000000000000006e-01 0
[18-04-2021 16:38:26] 
[18-04-2021 16:38:26] /home/exp144/bin/Mochi/models/nherd_5D:
[18-04-2021 16:38:26] 
[18-04-2021 16:38:26] 0 0 5 0 7.37945897309715600e-03 1.89827574097797928e-02 1.75727431616155005e-02 4.00888100986452403e-02 1.43269007536734674e-02 5 0 5.66719296266134598e-01 7.83948702307408873e-01 7.28499799106687163e-01 8.62505217777511102e-01 8.74154003423505244e-01 5 1.00000000000000006e-01 0
[18-04-2021 16:38:26] 
[18-04-2021 16:38:26] /home/exp144/bin/Mochi/models/rda_1D:
[18-04-2021 16:38:26] 
[18-04-2021 16:38:26] 0 0 1 0 1.38012655098133186e+00 1 0 1.18529600000000556e+02 1 0 -1.50259999999999337e+02 1 1.00000000000000006e-01 9.99999999999999955e-07 3828
[18-04-2021 16:38:26] 
[18-04-2021 16:38:26] /home/exp144/bin/Mochi/models/rda_2D:
[18-04-2021 16:38:26] 
[18-04-2021 16:38:26] 0 0 2 0 1.30927251846698534e+00 6.06907393771595527e-01 2 0 1.10559100000000512e+02 7.30605520299987603e+01 2 0 -1.37669999999999163e+02 -5.18795000000005757e+01 2 1.00000000000000006e-01 9.99999999999999955e-07 3808
[18-04-2021 16:38:26] 
[18-04-2021 16:38:26] /home/exp144/bin/Mochi/models/rda_3D:
[18-04-2021 16:38:26] 
[18-04-2021 16:38:26] 0 0 3 0 1.29190100169378974e+00 5.90632951193526212e-01 2.37463109944139772e-01 3 0 1.08996400000000520e+02 7.25646375999987754e+01 6.73361220728047130e+01 3 0 -1.34879999999999171e+02 -5.03168000000005549e+01 -1.94896910000002741e+01 3 1.00000000000000006e-01 9.99999999999999955e-07 3803
[18-04-2021 16:38:26] 
[18-04-2021 16:38:26] /home/exp144/bin/Mochi/models/rda_5D:
[18-04-2021 16:38:26] 
[18-04-2021 16:38:26] 0 0 5 0 9.85731481105972862e-01 1.19067419010486453e+00 9.64632159007223322e-01 1.01101574399888139e+00 1.22399167902237527e+00 5 0 6.19728000000000492e+01 9.15078000000000031e+01 7.25955000000000439e+01 3.35489999999999924e+01 1.09053000000000111e+02 5 0 -7.75999999999999091e+01 -1.13899999999999949e+02 -8.21900000000000688e+01 -5.85599999999999739e+01 -1.27820000000000093e+02 5 1.00000000000000006e-01 9.99999999999999955e-07 453
[18-04-2021 16:38:26] 
[18-04-2021 16:38:26] /home/exp144/bin/Mochi/models/scw_1D:
[18-04-2021 16:38:26] 
[18-04-2021 16:38:41] 0 0 1 0 2.05803837255026129e-01 1 0 4.32968865722275553e-01 1 8.28943873691518229e-01 1.00000000000000000e+00
[18-04-2021 16:38:41] 
[18-04-2021 16:38:41] /home/exp144/bin/Mochi/models/scw_2D:
[18-04-2021 16:38:41] 
[18-04-2021 16:38:41] 0 0 2 0 5.40469862870530671e-01 5.64487064963577367e-01 2 0 9.36895087444122865e-01 5.57118187724832681e-01 2 8.28943873691518229e-01 1.00000000000000000e+00
[18-04-2021 16:38:41] 
[18-04-2021 16:38:41] /home/exp144/bin/Mochi/models/scw_3D:
[18-04-2021 16:38:41] 
[18-04-2021 16:38:41] 0 0 3 0 7.23056697145188498e-01 7.91614176284203386e-01 8.04128152954256326e-01 3 0 7.88578034538156891e-01 4.42758178292326166e-01 2.47062837063087792e-01 3 8.28943873691518229e-01 1.00000000000000000e+00
[18-04-2021 16:38:41] 
[18-04-2021 16:38:41] /home/exp144/bin/Mochi/models/scw_5D:
[18-04-2021 16:38:41] 
[18-04-2021 16:38:41] 0 0 5 0 5.99015696721691082e-01 4.05095855104260549e-01 1.79403090523521935e-01 6.38924997650230586e-01 7.01121937152410557e-01 5 0 1.43004777810070594e+00 5.39987900124142439e-01 2.11860131953269887e-01 1.62281148483377025e+00 1.02181140686773997e+00 5 8.28943873691518229e-01 1.00000000000000000e+00/home/exp144/toGround/learning/mochi-2021-04-16_19-58-14/logs/orbitai.log
[18-04-2021 16:38:41] /home/exp144/toGround/learning/mochi-2021-04-17_22-05-41/
[18-04-2021 16:38:41] /home/exp144/toGround/learning/mochi-2021-04-17_22-05-41/models/
[18-04-2021 16:38:41] /home/exp144/toGround/learning/mochi-2021-04-17_22-05-41/models/adam_5D
[18-04-2021 16:38:41] /home/exp144/toGround/learning/mochi-2021-04-17_22-05-41/models/rda_1D
[18-04-2021 16:38:41] /home/exp144/toGround/learning/mochi-2021-04-17_22-05-41/models/nherd_1D
[18-04-2021 16:38:41] /home/exp144/toGround/learning/mochi-2021-04-17_22-05-41/models/arow_1D
[18-04-2021 16:38:41] /home/exp144/toGround/learning/mochi-2021-04-17_22-05-41/models/adam_2D
[18-04-2021 16:38:41] /home/exp144/toGround/learning/mochi-2021-04-17_22-05-41/models/scw_1D
[18-04-2021 16:38:41] /home/exp144/toGround/learning/mochi-2021-04-17_22-05-41/models/adam_3D
[18-04-2021 16:38:41] /home/exp144/toGround/learning/mochi-2021-04-17_22-05-41/models/scw_2D
[18-04-2021 16:38:41] /home/exp144/toGround/learning/mochi-2021-04-17_22-05-41/models/arow_3D
[18-04-2021 16:38:41] /home/exp144/toGround/learning/mochi-2021-04-17_22-05-41/models/nherd_3D
[18-04-2021 16:38:41] /home/exp144/toGround/learning/mochi-2021-04-17_22-05-41/models/arow_2D
[18-04-2021 16:38:41] /home/exp144/toGround/learning/mochi-2021-04-17_22-05-41/models/adam_1D
[18-04-2021 16:38:41] /home/exp144/toGround/learning/mochi-2021-04-17_22-05-41/models/nherd_5D
[18-04-2021 16:38:41] /home/exp144/toGround/learning/mochi-2021-04-17_22-05-41/models/rda_3D
[18-04-2021 16:38:41] /home/exp144/toGround/learning/mochi-2021-04-17_22-05-41/models/rda_2D
[18-04-2021 16:38:41] /home/exp144/toGround/learning/mochi-2021-04-17_22-05-41/models/nherd_2D
[18-04-2021 16:38:41] /home/exp144/toGround/learning/mochi-2021-04-17_22-05-41/models/scw_5D
[18-04-2021 16:38:41] /home/exp144/toGround/learning/mochi-2021-04-17_22-05-41/models/arow_5D
[18-04-2021 16:38:41] /home/exp144/toGround/learning/mochi-2021-04-17_22-05-41/models/rda_5D
[18-04-2021 16:38:41] /home/exp144/toGround/learning/mochi-2021-04-17_22-05-41/models/scw_3D
[18-04-2021 16:38:41] /home/exp144/toGround/learning/mochi-2021-04-17_22-05-41/logs/
[18-04-2021 16:38:41] /home/exp144/toGround/learning/mochi-2021-04-17_22-05-41/logs/training.csv
[18-04-2021 16:38:41] /home/exp144/toGround/learning/mochi-2021-04-17_22-05-41/logs/orbitai.log
[18-04-2021 16:38:41] /home/exp144/toGround/data/
[18-04-2021 16:38:41] /home/exp144/toGround/data/data_2021-04-17_22-56-31.csv
[18-04-2021 16:38:41] /home/exp144/toGround/data/data_2021-04-16_17-17-36.csv
[18-04-2021 16:38:41] /home/exp144/toGround/data/data_2021-04-17_21-20-34.csv
[18-04-2021 16:38:41] /home/exp144/toGround/data/data_2021-04-18_02-06-38.csv
[18-04-2021 16:38:41] /home/exp144/toGround/data/data_2021-04-16_18-47-19.csv
[18-04-2021 16:38:41] /home/exp144/toGround/data/data_2021-04-18_00-31-46.csv
[18-04-2021 16:38:41] tar: /home/exp144/toGround: file changed as we read it
[18-04-2021 16:38:41] total 8
[18-04-2021 16:38:41] -rw-r--r--    1 exp144   exp144        5380 Apr 18 02:06 orbitai.log
[18-04-2021 16:38:41] DATA: STOP
