[16-04-2021 18:43:39] COMMAND  Uplink to SEPP: ls -R /home/exp144/toGround/ && tail -n 2 /home/exp144/toGround/learning/mochi-*/logs/training.csv && tail -n 2 /home/exp144/toGround/data/data_*.csv
[16-04-2021 18:43:46] DATA: START
[16-04-2021 18:43:46] earning/mochi-2021-04-16_18-28-31/logs:
[16-04-2021 18:43:46] training.csv
[16-04-2021 18:43:46] 
[16-04-2021 18:43:46] /home/exp144/toGround/learning/mochi-2021-04-16_18-28-31/models:
[16-04-2021 18:43:46] adam_1D
[16-04-2021 18:43:46] adam_2D
[16-04-2021 18:43:46] adam_3D
[16-04-2021 18:43:46] adam_5D
[16-04-2021 18:43:46] arow_1D
[16-04-2021 18:43:46] arow_2D
[16-04-2021 18:43:46] arow_3D
[16-04-2021 18:43:46] arow_5D
[16-04-2021 18:43:46] nherd_1D
[16-04-2021 18:43:46] nherd_2D
[16-04-2021 18:43:46] nherd_3D
[16-04-2021 18:43:46] nherd_5D
[16-04-2021 18:43:46] rda_1D
[16-04-2021 18:43:46] rda_2D
[16-04-2021 18:43:46] rda_3D
[16-04-2021 18:43:46] rda_5D
[16-04-2021 18:43:46] scw_1D
[16-04-2021 18:43:46] scw_2D
[16-04-2021 18:43:46] scw_3D
[16-04-2021 18:43:46] scw_5D
[16-04-2021 18:43:46] 1618597706004,0.130000,0.000000,0.000000,0.990000,0.240000,0.010000,1,0.017160,0.004010,0.005460,0.007980,0.004390,0.002710,0.002950,0.002200,0.003600,0.001850,0.002470,0.001800,0.005420,0.002570,0.002630,0.003190,0.005500,0.002220,0.003590,0.001840,0.003270,0.001830,0.001370,0.002170,0.001380,0.001790,0.002190,0.002190,0.001230,0.001790,0.002020,0.002090
[16-04-2021 18:43:46] 1618597711011,0.130000,0.000000,0.000000,1.000000,0.150000,0.010000,1,0.023470,0.004430,0.006160,0.009270,0.005420,0.003070,0.002850,0.003510,0.003870,0.003390,0.003150,0.002290,0.008100,0.002530,0.003670,0.004260,0.007520,0.002220,0.004190,0.003030,0.003680,0.003550,0.001570,0.002750,0.001400,0.001820,0.001970,0.002200,0.001300,0.001820,0.002290,0.002410
[16-04-2021 18:43:46] 1618597706004,0.13210775,false,0.0,false,0.0,false,0.99301434,true,0.2442632,false,0.013210761,false,0.0,0.0,0.0,0.747472,-0.023120405,0.03841836,0.66521084
[16-04-2021 18:43:46] 1618597711011,0.13210775,false,0.0,false,0.0,false,1.0015203,true,0.1483354,false,0.013210761,false,0.0,0.0,0.0,0.747472,-0.023120405,0.03841836,0.66521084
[16-04-2021 18:43:46] DATA: STOP
[16-04-2021 18:43:48] COMMAND  Uplink to SEPP: tar -czvf /home/exp144/exp144_results_20210416.tar.gz /home/exp144/toGround
[16-04-2021 18:43:56] DATA: START
[16-04-2021 18:43:56] tar: Removing leading `/' from member names
[16-04-2021 18:43:56] /home/exp144/toGround/
[16-04-2021 18:43:56] /home/exp144/toGround/learning/
[16-04-2021 18:43:56] /home/exp144/toGround/learning/mochi-2021-04-16_18-28-31/
[16-04-2021 18:43:56] /home/exp144/toGround/learning/mochi-2021-04-16_18-28-31/models/
[16-04-2021 18:43:56] /home/exp144/toGround/learning/mochi-2021-04-16_18-28-31/models/adam_5D
[16-04-2021 18:43:56] /home/exp144/toGround/learning/mochi-2021-04-16_18-28-31/models/rda_1D
[16-04-2021 18:43:56] /home/exp144/toGround/learning/mochi-2021-04-16_18-28-31/models/nherd_1D
[16-04-2021 18:43:56] /home/exp144/toGround/learning/mochi-2021-04-16_18-28-31/models/arow_1D
[16-04-2021 18:43:56] /home/exp144/toGround/learning/mochi-2021-04-16_18-28-31/models/adam_2D
[16-04-2021 18:43:56] /home/exp144/toGround/learning/mochi-2021-04-16_18-28-31/models/scw_1D
[16-04-2021 18:43:56] /home/exp144/toGround/learning/mochi-2021-04-16_18-28-31/models/adam_3D
[16-04-2021 18:43:56] /home/exp144/toGround/learning/mochi-2021-04-16_18-28-31/models/scw_2D
[16-04-2021 18:43:56] /home/exp144/toGround/learning/mochi-2021-04-16_18-28-31/models/arow_3D
[16-04-2021 18:43:56] /home/exp144/toGround/learning/mochi-2021-04-16_18-28-31/models/nherd_3D
[16-04-2021 18:43:56] /home/exp144/toGround/learning/mochi-2021-04-16_18-28-31/models/arow_2D
[16-04-2021 18:43:56] /home/exp144/toGround/learning/mochi-2021-04-16_18-28-31/models/adam_1D
[16-04-2021 18:43:56] /home/exp144/toGround/learning/mochi-2021-04-16_18-28-31/models/nherd_5D
[16-04-2021 18:43:56] /home/exp144/toGround/learning/mochi-2021-04-16_18-28-31/models/rda_3D
[16-04-2021 18:43:56] /home/exp144/toGround/learning/mochi-2021-04-16_18-28-31/models/rda_2D
[16-04-2021 18:43:56] /home/exp144/toGround/learning/mochi-2021-04-16_18-28-31/models/nherd_2D
[16-04-2021 18:43:56] /home/exp144/toGround/learning/mochi-2021-04-16_18-28-31/models/scw_5D
[16-04-2021 18:43:56] /home/exp144/toGround/learning/mochi-2021-04-16_18-28-31/models/arow_5D
[16-04-2021 18:43:56] /home/exp144/toGround/learning/mochi-2021-04-16_18-28-31/models/rda_5D
[16-04-2021 18:43:56] /home/exp144/toGround/learning/mochi-2021-04-16_18-28-31/models/scw_3D
[16-04-2021 18:43:56] /home/exp144/toGround/learning/mochi-2021-04-16_18-28-31/logs/
[16-04-2021 18:43:56] /home/exp144/toGround/learning/mochi-2021-04-16_18-28-31/logs/training.csv
[16-04-2021 18:43:56] /home/exp144/toGround/data/
[16-04-2021 18:43:56] /home/exp144/toGround/data/data_2021-04-16_17-17-36.csv
[16-04-2021 18:43:56] DATA: STOP
[16-04-2021 18:43:58] COMMAND  Uplink to SEPP: split /home/exp144/exp144_results_20210416.tar.gz -b 3M /home/exp144/exp144_results_20210416.tar.gz_ && mv /home/exp144/exp144_results_20210416.tar.gz_* /home/root/esoc-apps/fms/filestore/toGround
[16-04-2021 18:44:05] DATA: START
[16-04-2021 18:44:05] DATA: STOP
