[2021-04-16 18:47:22.815][INFO] Loaded models/adam_1D
[2021-04-16 18:47:22.857][INFO] Loaded models/adam_2D
[2021-04-16 18:47:22.868][INFO] Loaded models/adam_3D
[2021-04-16 18:47:22.876][INFO] Loaded models/adam_5D
[2021-04-16 18:47:22.894][INFO] Loaded models/rda_1D
[2021-04-16 18:47:22.925][INFO] Loaded models/rda_2D
[2021-04-16 18:47:22.936][INFO] Loaded models/rda_3D
[2021-04-16 18:47:22.966][INFO] Loaded models/rda_5D
[2021-04-16 18:47:22.977][INFO] Loaded models/arow_1D
[2021-04-16 18:47:22.981][INFO] Loaded models/arow_2D
[2021-04-16 18:47:22.989][INFO] Loaded models/arow_3D
[2021-04-16 18:47:22.993][INFO] Loaded models/arow_5D
[2021-04-16 18:47:22.997][INFO] Loaded models/scw_1D
[2021-04-16 18:47:23.001][INFO] Loaded models/scw_2D
[2021-04-16 18:47:23.009][INFO] Loaded models/scw_3D
[2021-04-16 18:47:23.025][INFO] Loaded models/scw_5D
[2021-04-16 18:47:23.032][INFO] Loaded models/nherd_1D
[2021-04-16 18:47:23.037][INFO] Loaded models/nherd_2D
[2021-04-16 18:47:23.080][INFO] Loaded models/nherd_3D
[2021-04-16 18:47:23.095][INFO] Loaded models/nherd_5D
[2021-04-17 21:20:38.232][INFO] Loaded models/adam_1D
[2021-04-17 21:20:38.236][INFO] Loaded models/adam_2D
[2021-04-17 21:20:38.238][INFO] Loaded models/adam_3D
[2021-04-17 21:20:38.241][INFO] Loaded models/adam_5D
[2021-04-17 21:20:38.243][INFO] Loaded models/rda_1D
[2021-04-17 21:20:38.244][INFO] Loaded models/rda_2D
[2021-04-17 21:20:38.251][INFO] Loaded models/rda_3D
[2021-04-17 21:20:38.254][INFO] Loaded models/rda_5D
[2021-04-17 21:20:38.256][INFO] Loaded models/arow_1D
[2021-04-17 21:20:38.257][INFO] Loaded models/arow_2D
[2021-04-17 21:20:38.259][INFO] Loaded models/arow_3D
[2021-04-17 21:20:38.262][INFO] Loaded models/arow_5D
[2021-04-17 21:20:38.271][INFO] Loaded models/scw_1D
[2021-04-17 21:20:38.273][INFO] Loaded models/scw_2D
[2021-04-17 21:20:38.275][INFO] Loaded models/scw_3D
[2021-04-17 21:20:38.277][INFO] Loaded models/scw_5D
[2021-04-17 21:20:38.279][INFO] Loaded models/nherd_1D
[2021-04-17 21:20:38.282][INFO] Loaded models/nherd_2D
[2021-04-17 21:20:38.307][INFO] Loaded models/nherd_3D
[2021-04-17 21:20:38.321][INFO] Loaded models/nherd_5D
[2021-04-17 22:56:34.672][INFO] Loaded models/adam_1D
[2021-04-17 22:56:34.673][INFO] Loaded models/adam_2D
[2021-04-17 22:56:34.674][INFO] Loaded models/adam_3D
[2021-04-17 22:56:34.674][INFO] Loaded models/adam_5D
[2021-04-17 22:56:34.674][INFO] Loaded models/rda_1D
[2021-04-17 22:56:34.675][INFO] Loaded models/rda_2D
[2021-04-17 22:56:34.705][INFO] Loaded models/rda_3D
[2021-04-17 22:56:34.706][INFO] Loaded models/rda_5D
[2021-04-17 22:56:34.707][INFO] Loaded models/arow_1D
[2021-04-17 22:56:34.724][INFO] Loaded models/arow_2D
[2021-04-17 22:56:34.732][INFO] Loaded models/arow_3D
[2021-04-17 22:56:34.733][INFO] Loaded models/arow_5D
[2021-04-17 22:56:34.733][INFO] Loaded models/scw_1D
[2021-04-17 22:56:34.733][INFO] Loaded models/scw_2D
[2021-04-17 22:56:34.734][INFO] Loaded models/scw_3D
[2021-04-17 22:56:34.734][INFO] Loaded models/scw_5D
[2021-04-17 22:56:34.734][INFO] Loaded models/nherd_1D
[2021-04-17 22:56:34.734][INFO] Loaded models/nherd_2D
[2021-04-17 22:56:34.735][INFO] Loaded models/nherd_3D
[2021-04-17 22:56:34.735][INFO] Loaded models/nherd_5D
[2021-04-18 00:31:51.295][INFO] Loaded models/adam_1D
[2021-04-18 00:31:51.296][INFO] Loaded models/adam_2D
[2021-04-18 00:31:51.296][INFO] Loaded models/adam_3D
[2021-04-18 00:31:51.296][INFO] Loaded models/adam_5D
[2021-04-18 00:31:51.297][INFO] Loaded models/rda_1D
[2021-04-18 00:31:51.297][INFO] Loaded models/rda_2D
[2021-04-18 00:31:51.297][INFO] Loaded models/rda_3D
[2021-04-18 00:31:51.298][INFO] Loaded models/rda_5D
[2021-04-18 00:31:51.298][INFO] Loaded models/arow_1D
[2021-04-18 00:31:51.298][INFO] Loaded models/arow_2D
[2021-04-18 00:31:51.299][INFO] Loaded models/arow_3D
[2021-04-18 00:31:51.299][INFO] Loaded models/arow_5D
[2021-04-18 00:31:51.299][INFO] Loaded models/scw_1D
[2021-04-18 00:31:51.300][INFO] Loaded models/scw_2D
[2021-04-18 00:31:51.324][INFO] Loaded models/scw_3D
[2021-04-18 00:31:51.325][INFO] Loaded models/scw_5D
[2021-04-18 00:31:51.325][INFO] Loaded models/nherd_1D
[2021-04-18 00:31:51.325][INFO] Loaded models/nherd_2D
[2021-04-18 00:31:51.326][INFO] Loaded models/nherd_3D
[2021-04-18 00:31:51.326][INFO] Loaded models/nherd_5D
[2021-04-18 02:06:42.304][INFO] Loaded models/adam_1D
[2021-04-18 02:06:42.327][INFO] Loaded models/adam_2D
[2021-04-18 02:06:42.344][INFO] Loaded models/adam_3D
[2021-04-18 02:06:42.351][INFO] Loaded models/adam_5D
[2021-04-18 02:06:42.361][INFO] Loaded models/rda_1D
[2021-04-18 02:06:42.366][INFO] Loaded models/rda_2D
[2021-04-18 02:06:42.371][INFO] Loaded models/rda_3D
[2021-04-18 02:06:42.388][INFO] Loaded models/rda_5D
[2021-04-18 02:06:42.391][INFO] Loaded models/arow_1D
[2021-04-18 02:06:42.396][INFO] Loaded models/arow_2D
[2021-04-18 02:06:42.419][INFO] Loaded models/arow_3D
[2021-04-18 02:06:42.443][INFO] Loaded models/arow_5D
[2021-04-18 02:06:42.453][INFO] Loaded models/scw_1D
[2021-04-18 02:06:42.464][INFO] Loaded models/scw_2D
[2021-04-18 02:06:42.619][INFO] Loaded models/scw_3D
[2021-04-18 02:06:42.629][INFO] Loaded models/scw_5D
[2021-04-18 02:06:42.649][INFO] Loaded models/nherd_1D
[2021-04-18 02:06:42.654][INFO] Loaded models/nherd_2D
[2021-04-18 02:06:42.661][INFO] Loaded models/nherd_3D
[2021-04-18 02:06:42.666][INFO] Loaded models/nherd_5D
[2021-05-05 19:55:05.546][INFO] Loaded models/adam_1D
[2021-05-05 19:55:05.572][INFO] Loaded models/adam_2D
[2021-05-05 19:55:05.574][INFO] Loaded models/adam_3D
[2021-05-05 19:55:05.582][INFO] Loaded models/adam_5D
[2021-05-05 19:55:05.584][INFO] Loaded models/rda_1D
[2021-05-05 19:55:05.588][INFO] Loaded models/rda_2D
[2021-05-05 19:55:05.593][INFO] Loaded models/rda_3D
[2021-05-05 19:55:05.596][INFO] Loaded models/rda_5D
[2021-05-05 19:55:05.600][INFO] Loaded models/arow_1D
[2021-05-05 19:55:05.621][INFO] Loaded models/arow_2D
[2021-05-05 19:55:05.624][INFO] Loaded models/arow_3D
[2021-05-05 19:55:05.655][INFO] Loaded models/arow_5D
[2021-05-05 19:55:05.658][INFO] Loaded models/scw_1D
[2021-05-05 19:55:05.662][INFO] Loaded models/scw_2D
[2021-05-05 19:55:05.665][INFO] Loaded models/scw_3D
[2021-05-05 19:55:05.667][INFO] Loaded models/scw_5D
[2021-05-05 19:55:05.670][INFO] Loaded models/nherd_1D
[2021-05-05 19:55:05.690][INFO] Loaded models/nherd_2D
[2021-05-05 19:55:05.696][INFO] Loaded models/nherd_3D
[2021-05-05 19:55:05.699][INFO] Loaded models/nherd_5D
[2021-05-06 08:40:47.509][INFO] Loaded models/adam_1D
[2021-05-06 08:40:47.517][INFO] Loaded models/adam_2D
[2021-05-06 08:40:47.531][INFO] Loaded models/adam_3D
[2021-05-06 08:40:47.566][INFO] Loaded models/adam_5D
[2021-05-06 08:40:47.589][INFO] Loaded models/rda_1D
[2021-05-06 08:40:47.595][INFO] Loaded models/rda_2D
[2021-05-06 08:40:47.598][INFO] Loaded models/rda_3D
[2021-05-06 08:40:47.602][INFO] Loaded models/rda_5D
[2021-05-06 08:40:47.640][INFO] Loaded models/arow_1D
[2021-05-06 08:40:47.646][INFO] Loaded models/arow_2D
[2021-05-06 08:40:47.650][INFO] Loaded models/arow_3D
[2021-05-06 08:40:47.659][INFO] Loaded models/arow_5D
[2021-05-06 08:40:47.684][INFO] Loaded models/scw_1D
[2021-05-06 08:40:47.694][INFO] Loaded models/scw_2D
[2021-05-06 08:40:47.698][INFO] Loaded models/scw_3D
[2021-05-06 08:40:47.702][INFO] Loaded models/scw_5D
[2021-05-06 08:40:47.705][INFO] Loaded models/nherd_1D
[2021-05-06 08:40:47.730][INFO] Loaded models/nherd_2D
[2021-05-06 08:40:47.739][INFO] Loaded models/nherd_3D
[2021-05-06 08:40:47.761][INFO] Loaded models/nherd_5D
[2021-05-09 09:36:37.219][INFO] Loaded models/adam_1D
[2021-05-09 09:36:37.245][INFO] Loaded models/adam_2D
[2021-05-09 09:36:37.248][INFO] Loaded models/adam_3D
[2021-05-09 09:36:37.251][INFO] Loaded models/adam_5D
[2021-05-09 09:36:37.253][INFO] Loaded models/rda_1D
[2021-05-09 09:36:37.257][INFO] Loaded models/rda_2D
[2021-05-09 09:36:37.260][INFO] Loaded models/rda_3D
[2021-05-09 09:36:37.262][INFO] Loaded models/rda_5D
[2021-05-09 09:36:37.264][INFO] Loaded models/arow_1D
[2021-05-09 09:36:37.267][INFO] Loaded models/arow_2D
[2021-05-09 09:36:37.270][INFO] Loaded models/arow_3D
[2021-05-09 09:36:37.279][INFO] Loaded models/arow_5D
[2021-05-09 09:36:37.281][INFO] Loaded models/scw_1D
[2021-05-09 09:36:37.284][INFO] Loaded models/scw_2D
[2021-05-09 09:36:37.286][INFO] Loaded models/scw_3D
[2021-05-09 09:36:37.287][INFO] Loaded models/scw_5D
[2021-05-09 09:36:37.289][INFO] Loaded models/nherd_1D
[2021-05-09 09:36:37.291][INFO] Loaded models/nherd_2D
[2021-05-09 09:36:37.294][INFO] Loaded models/nherd_3D
[2021-05-09 09:36:37.296][INFO] Loaded models/nherd_5D
[2021-05-09 11:10:34.825][INFO] Loaded models/adam_1D
[2021-05-09 11:10:34.827][INFO] Loaded models/adam_2D
[2021-05-09 11:10:34.829][INFO] Loaded models/adam_3D
[2021-05-09 11:10:34.831][INFO] Loaded models/adam_5D
[2021-05-09 11:10:34.832][INFO] Loaded models/rda_1D
[2021-05-09 11:10:34.833][INFO] Loaded models/rda_2D
[2021-05-09 11:10:34.833][INFO] Loaded models/rda_3D
[2021-05-09 11:10:34.834][INFO] Loaded models/rda_5D
[2021-05-09 11:10:34.835][INFO] Loaded models/arow_1D
[2021-05-09 11:10:34.836][INFO] Loaded models/arow_2D
[2021-05-09 11:10:34.837][INFO] Loaded models/arow_3D
[2021-05-09 11:10:34.837][INFO] Loaded models/arow_5D
[2021-05-09 11:10:34.838][INFO] Loaded models/scw_1D
[2021-05-09 11:10:34.838][INFO] Loaded models/scw_2D
[2021-05-09 11:10:34.839][INFO] Loaded models/scw_3D
[2021-05-09 11:10:34.840][INFO] Loaded models/scw_5D
[2021-05-09 11:10:34.841][INFO] Loaded models/nherd_1D
[2021-05-09 11:10:34.852][INFO] Loaded models/nherd_2D
[2021-05-09 11:10:34.853][INFO] Loaded models/nherd_3D
[2021-05-09 11:10:34.855][INFO] Loaded models/nherd_5D
[2021-05-11 10:30:35.660][INFO] Loaded models/adam_1D
[2021-05-11 10:30:35.673][INFO] Loaded models/adam_2D
[2021-05-11 10:30:35.675][INFO] Loaded models/adam_3D
[2021-05-11 10:30:35.678][INFO] Loaded models/adam_5D
[2021-05-11 10:30:35.680][INFO] Loaded models/rda_1D
[2021-05-11 10:30:35.683][INFO] Loaded models/rda_2D
[2021-05-11 10:30:35.687][INFO] Loaded models/rda_3D
[2021-05-11 10:30:35.691][INFO] Loaded models/rda_5D
[2021-05-11 10:30:35.694][INFO] Loaded models/arow_1D
[2021-05-11 10:30:35.696][INFO] Loaded models/arow_2D
[2021-05-11 10:30:35.699][INFO] Loaded models/arow_3D
[2021-05-11 10:30:35.701][INFO] Loaded models/arow_5D
[2021-05-11 10:30:35.703][INFO] Loaded models/scw_1D
[2021-05-11 10:30:35.704][INFO] Loaded models/scw_2D
[2021-05-11 10:30:35.706][INFO] Loaded models/scw_3D
[2021-05-11 10:30:35.707][INFO] Loaded models/scw_5D
[2021-05-11 10:30:35.709][INFO] Loaded models/nherd_1D
[2021-05-11 10:30:35.710][INFO] Loaded models/nherd_2D
[2021-05-11 10:30:35.712][INFO] Loaded models/nherd_3D
[2021-05-11 10:30:35.713][INFO] Loaded models/nherd_5D
[2021-05-13 19:31:34.842][INFO] Loaded models/adam_1D
[2021-05-13 19:31:34.878][INFO] Loaded models/adam_2D
[2021-05-13 19:31:34.881][INFO] Loaded models/adam_3D
[2021-05-13 19:31:34.887][INFO] Loaded models/adam_5D
[2021-05-13 19:31:34.891][INFO] Loaded models/rda_1D
[2021-05-13 19:31:34.897][INFO] Loaded models/rda_2D
[2021-05-13 19:31:34.900][INFO] Loaded models/rda_3D
[2021-05-13 19:31:34.904][INFO] Loaded models/rda_5D
[2021-05-13 19:31:34.923][INFO] Loaded models/arow_1D
[2021-05-13 19:31:34.926][INFO] Loaded models/arow_2D
[2021-05-13 19:31:34.934][INFO] Loaded models/arow_3D
[2021-05-13 19:31:34.937][INFO] Loaded models/arow_5D
[2021-05-13 19:31:34.939][INFO] Loaded models/scw_1D
[2021-05-13 19:31:34.941][INFO] Loaded models/scw_2D
[2021-05-13 19:31:34.943][INFO] Loaded models/scw_3D
[2021-05-13 19:31:34.946][INFO] Loaded models/scw_5D
[2021-05-13 19:31:34.947][INFO] Loaded models/nherd_1D
[2021-05-13 19:31:34.950][INFO] Loaded models/nherd_2D
[2021-05-13 19:31:34.953][INFO] Loaded models/nherd_3D
[2021-05-13 19:31:34.956][INFO] Loaded models/nherd_5D
[2021-05-14 19:32:40.908][INFO] Loaded models/adam_1D
[2021-05-14 19:32:40.915][INFO] Loaded models/adam_2D
[2021-05-14 19:32:40.924][INFO] Loaded models/adam_3D
[2021-05-14 19:32:40.954][INFO] Loaded models/adam_5D
[2021-05-14 19:32:40.961][INFO] Loaded models/rda_1D
[2021-05-14 19:32:40.965][INFO] Loaded models/rda_2D
[2021-05-14 19:32:40.974][INFO] Loaded models/rda_3D
[2021-05-14 19:32:40.986][INFO] Loaded models/rda_5D
[2021-05-14 19:32:41.007][INFO] Loaded models/arow_1D
[2021-05-14 19:32:41.013][INFO] Loaded models/arow_2D
[2021-05-14 19:32:41.021][INFO] Loaded models/arow_3D
[2021-05-14 19:32:41.025][INFO] Loaded models/arow_5D
[2021-05-14 19:32:41.031][INFO] Loaded models/scw_1D
[2021-05-14 19:32:41.038][INFO] Loaded models/scw_2D
[2021-05-14 19:32:41.057][INFO] Loaded models/scw_3D
[2021-05-14 19:32:41.061][INFO] Loaded models/scw_5D
[2021-05-14 19:32:41.063][INFO] Loaded models/nherd_1D
[2021-05-14 19:32:41.071][INFO] Loaded models/nherd_2D
[2021-05-14 19:32:41.082][INFO] Loaded models/nherd_3D
[2021-05-14 19:32:41.098][INFO] Loaded models/nherd_5D
